<?xml version="1.0" encoding="UTF-8"?>
<coverage generated="1773412824642" clover="3.2.0">
  <project timestamp="1773412824642" name="All files">
    <metrics statements="348" coveredstatements="288" conditionals="327" coveredconditionals="209" methods="81" coveredmethods="65" elements="756" coveredelements="562" complexity="0" loc="348" ncloc="348" packages="1" files="3" classes="3"/>
    <file name="CustomisationScreen.js" path="/Users/fearghuskennedy/Documents/2642922k_UofG_Level4Project/MusicReaderApp/screens/CustomisationScreen.js">
      <metrics statements="77" coveredstatements="56" conditionals="61" coveredconditionals="53" methods="24" coveredmethods="14"/>
      <line num="11" count="1" type="stmt"/>
      <line num="21" count="2" type="cond" truecount="3" falsecount="1"/>
      <line num="22" count="2" type="stmt"/>
      <line num="26" count="12" type="cond" truecount="1" falsecount="1"/>
      <line num="28" count="12" type="stmt"/>
      <line num="29" count="12" type="stmt"/>
      <line num="30" count="12" type="stmt"/>
      <line num="31" count="12" type="stmt"/>
      <line num="32" count="12" type="stmt"/>
      <line num="34" count="12" type="stmt"/>
      <line num="35" count="12" type="stmt"/>
      <line num="37" count="12" type="stmt"/>
      <line num="38" count="6" type="cond" truecount="3" falsecount="0"/>
      <line num="42" count="12" type="stmt"/>
      <line num="44" count="12" type="stmt"/>
      <line num="45" count="6" type="stmt"/>
      <line num="46" count="6" type="stmt"/>
      <line num="53" count="12" type="stmt"/>
      <line num="54" count="7" type="cond" truecount="2" falsecount="0"/>
      <line num="58" count="12" type="stmt"/>
      <line num="59" count="10" type="cond" truecount="2" falsecount="0"/>
      <line num="62" count="12" type="stmt"/>
      <line num="63" count="2" type="stmt"/>
      <line num="65" count="2" type="stmt"/>
      <line num="71" count="2" type="stmt"/>
      <line num="73" count="2" type="stmt"/>
      <line num="74" count="2" type="stmt"/>
      <line num="76" count="0" type="stmt"/>
      <line num="79" count="2" type="cond" truecount="4" falsecount="0"/>
      <line num="80" count="1" type="cond" truecount="1" falsecount="1"/>
      <line num="82" count="1" type="stmt"/>
      <line num="85" count="12" type="stmt"/>
      <line num="86" count="2" type="stmt"/>
      <line num="87" count="2" type="cond" truecount="1" falsecount="1"/>
      <line num="88" count="0" type="stmt"/>
      <line num="89" count="0" type="stmt"/>
      <line num="92" count="2" type="stmt"/>
      <line num="93" count="2" type="stmt"/>
      <line num="94" count="2" type="stmt"/>
      <line num="95" count="1" type="stmt"/>
      <line num="97" count="1" type="stmt"/>
      <line num="98" count="1" type="stmt"/>
      <line num="100" count="1" type="stmt"/>
      <line num="101" count="1" type="stmt"/>
      <line num="109" count="1" type="cond" truecount="1" falsecount="1"/>
      <line num="111" count="2" type="stmt"/>
      <line num="115" count="12" type="stmt"/>
      <line num="144" count="0" type="stmt"/>
      <line num="145" count="0" type="stmt"/>
      <line num="146" count="0" type="stmt"/>
      <line num="147" count="0" type="stmt"/>
      <line num="164" count="0" type="stmt"/>
      <line num="165" count="0" type="stmt"/>
      <line num="166" count="0" type="stmt"/>
      <line num="167" count="0" type="stmt"/>
      <line num="199" count="0" type="stmt"/>
      <line num="200" count="0" type="stmt"/>
      <line num="201" count="0" type="stmt"/>
      <line num="202" count="0" type="stmt"/>
      <line num="219" count="0" type="stmt"/>
      <line num="220" count="0" type="stmt"/>
      <line num="221" count="0" type="stmt"/>
      <line num="222" count="0" type="stmt"/>
      <line num="248" count="1" type="stmt"/>
      <line num="249" count="1" type="stmt"/>
      <line num="250" count="1" type="cond" truecount="1" falsecount="1"/>
      <line num="251" count="1" type="stmt"/>
      <line num="278" count="1" type="stmt"/>
      <line num="279" count="1" type="stmt"/>
      <line num="280" count="1" type="cond" truecount="1" falsecount="1"/>
      <line num="281" count="1" type="stmt"/>
      <line num="303" count="12" type="cond" truecount="1" falsecount="1"/>
      <line num="313" count="72" type="stmt"/>
      <line num="314" count="72" type="stmt"/>
      <line num="319" count="0" type="stmt"/>
      <line num="320" count="0" type="stmt"/>
      <line num="365" count="1" type="stmt"/>
    </file>
    <file name="HomeScreen.js" path="/Users/fearghuskennedy/Documents/2642922k_UofG_Level4Project/MusicReaderApp/screens/HomeScreen.js">
      <metrics statements="24" coveredstatements="19" conditionals="26" coveredconditionals="12" methods="4" coveredmethods="4"/>
      <line num="7" count="1" type="cond" truecount="1" falsecount="1"/>
      <line num="8" count="1" type="cond" truecount="1" falsecount="1"/>
      <line num="9" count="1" type="cond" truecount="3" falsecount="1"/>
      <line num="10" count="0" type="stmt"/>
      <line num="14" count="3" type="stmt"/>
      <line num="15" count="1" type="stmt"/>
      <line num="16" count="1" type="stmt"/>
      <line num="17" count="1" type="cond" truecount="1" falsecount="1"/>
      <line num="18" count="0" type="stmt"/>
      <line num="19" count="0" type="stmt"/>
      <line num="22" count="1" type="stmt"/>
      <line num="27" count="1" type="cond" truecount="3" falsecount="1"/>
      <line num="28" count="1" type="stmt"/>
      <line num="30" count="1" type="stmt"/>
      <line num="38" count="0" type="cond" truecount="0" falsecount="2"/>
      <line num="42" count="3" type="stmt"/>
      <line num="43" count="1" type="stmt"/>
      <line num="44" count="1" type="stmt"/>
      <line num="50" count="1" type="stmt"/>
      <line num="51" count="1" type="cond" truecount="1" falsecount="1"/>
      <line num="53" count="1" type="stmt"/>
      <line num="65" count="0" type="cond" truecount="0" falsecount="2"/>
      <line num="69" count="3" type="stmt"/>
      <line num="109" count="1" type="stmt"/>
    </file>
    <file name="ResultScreen.js" path="/Users/fearghuskennedy/Documents/2642922k_UofG_Level4Project/MusicReaderApp/screens/ResultScreen.js">
      <metrics statements="247" coveredstatements="213" conditionals="240" coveredconditionals="144" methods="53" coveredmethods="47"/>
      <line num="15" count="185" type="cond" truecount="4" falsecount="0"/>
      <line num="16" count="183" type="stmt"/>
      <line num="20" count="8" type="stmt"/>
      <line num="21" count="8" type="stmt"/>
      <line num="28" count="2" type="stmt"/>
      <line num="29" count="2" type="stmt"/>
      <line num="30" count="2" type="cond" truecount="1" falsecount="1"/>
      <line num="31" count="2" type="stmt"/>
      <line num="35" count="0" type="stmt"/>
      <line num="45" count="0" type="stmt"/>
      <line num="46" count="0" type="cond" truecount="0" falsecount="2"/>
      <line num="47" count="0" type="cond" truecount="0" falsecount="6"/>
      <line num="48" count="0" type="stmt"/>
      <line num="54" count="4" type="stmt"/>
      <line num="55" count="4" type="stmt"/>
      <line num="57" count="4" type="stmt"/>
      <line num="59" count="8" type="stmt"/>
      <line num="66" count="8" type="cond" truecount="1" falsecount="1"/>
      <line num="67" count="8" type="stmt"/>
      <line num="70" count="4" type="stmt"/>
      <line num="74" count="24" type="stmt"/>
      <line num="75" count="24" type="cond" truecount="1" falsecount="1"/>
      <line num="76" count="24" type="cond" truecount="1" falsecount="1"/>
      <line num="77" count="24" type="stmt"/>
      <line num="81" count="12" type="cond" truecount="1" falsecount="1"/>
      <line num="82" count="12" type="stmt"/>
      <line num="85" count="24" type="stmt"/>
      <line num="86" count="24" type="stmt"/>
      <line num="88" count="24" type="cond" truecount="2" falsecount="0"/>
      <line num="93" count="12" type="cond" truecount="1" falsecount="1"/>
      <line num="94" count="12" type="stmt"/>
      <line num="95" count="12" type="cond" truecount="2" falsecount="0"/>
      <line num="96" count="6" type="stmt"/>
      <line num="97" count="6" type="cond" truecount="1" falsecount="1"/>
      <line num="98" count="6" type="stmt"/>
      <line num="102" count="12" type="cond" truecount="1" falsecount="1"/>
      <line num="103" count="12" type="stmt"/>
      <line num="104" count="12" type="cond" truecount="2" falsecount="0"/>
      <line num="105" count="6" type="stmt"/>
      <line num="106" count="6" type="cond" truecount="1" falsecount="1"/>
      <line num="107" count="6" type="stmt"/>
      <line num="108" count="6" type="cond" truecount="1" falsecount="1"/>
      <line num="109" count="6" type="stmt"/>
      <line num="113" count="7" type="cond" truecount="3" falsecount="0"/>
      <line num="114" count="7" type="cond" truecount="3" falsecount="0"/>
      <line num="115" count="7" type="cond" truecount="4" falsecount="0"/>
      <line num="116" count="7" type="cond" truecount="4" falsecount="0"/>
      <line num="117" count="7" type="cond" truecount="3" falsecount="0"/>
      <line num="119" count="7" type="stmt"/>
      <line num="120" count="7" type="cond" truecount="2" falsecount="0"/>
      <line num="121" count="7" type="cond" truecount="2" falsecount="0"/>
      <line num="122" count="7" type="cond" truecount="2" falsecount="0"/>
      <line num="123" count="7" type="cond" truecount="2" falsecount="0"/>
      <line num="124" count="7" type="cond" truecount="2" falsecount="0"/>
      <line num="126" count="7" type="cond" truecount="3" falsecount="2"/>
      <line num="127" count="0" type="stmt"/>
      <line num="129" count="7" type="stmt"/>
      <line num="133" count="7" type="stmt"/>
      <line num="135" count="7" type="cond" truecount="2" falsecount="0"/>
      <line num="136" count="6" type="stmt"/>
      <line num="137" count="6" type="stmt"/>
      <line num="139" count="6" type="cond" truecount="1" falsecount="1"/>
      <line num="140" count="6" type="cond" truecount="1" falsecount="1"/>
      <line num="141" count="6" type="cond" truecount="1" falsecount="1"/>
      <line num="142" count="12" type="stmt"/>
      <line num="143" count="12" type="cond" truecount="3" falsecount="1"/>
      <line num="145" count="12" type="stmt"/>
      <line num="147" count="12" type="cond" truecount="2" falsecount="0"/>
      <line num="148" count="12" type="cond" truecount="2" falsecount="0"/>
      <line num="150" count="12" type="cond" truecount="1" falsecount="1"/>
      <line num="151" count="12" type="cond" truecount="1" falsecount="1"/>
      <line num="153" count="12" type="stmt"/>
      <line num="155" count="12" type="stmt"/>
      <line num="156" count="12" type="cond" truecount="1" falsecount="1"/>
      <line num="157" count="12" type="stmt"/>
      <line num="159" count="0" type="cond" truecount="0" falsecount="4"/>
      <line num="160" count="0" type="cond" truecount="0" falsecount="4"/>
      <line num="161" count="0" type="cond" truecount="0" falsecount="6"/>
      <line num="168" count="7" type="stmt"/>
      <line num="169" count="7" type="stmt"/>
      <line num="170" count="6" type="cond" truecount="1" falsecount="1"/>
      <line num="171" count="6" type="cond" truecount="1" falsecount="1"/>
      <line num="172" count="6" type="cond" truecount="1" falsecount="1"/>
      <line num="174" count="6" type="stmt"/>
      <line num="175" count="6" type="stmt"/>
      <line num="176" count="6" type="cond" truecount="3" falsecount="1"/>
      <line num="177" count="0" type="stmt"/>
      <line num="180" count="7" type="stmt"/>
      <line num="184" count="7" type="cond" truecount="1" falsecount="1"/>
      <line num="185" count="7" type="stmt"/>
      <line num="187" count="7" type="stmt"/>
      <line num="188" count="12" type="stmt"/>
      <line num="189" count="12" type="stmt"/>
      <line num="190" count="12" type="cond" truecount="1" falsecount="1"/>
      <line num="192" count="12" type="stmt"/>
      <line num="193" count="12" type="stmt"/>
      <line num="195" count="12" type="stmt"/>
      <line num="205" count="7" type="stmt"/>
      <line num="209" count="11" type="stmt"/>
      <line num="210" count="11" type="stmt"/>
      <line num="211" count="11" type="stmt"/>
      <line num="212" count="11" type="cond" truecount="2" falsecount="0"/>
      <line num="213" count="11" type="cond" truecount="2" falsecount="0"/>
      <line num="215" count="11" type="cond" truecount="2" falsecount="0"/>
      <line num="216" count="11" type="cond" truecount="2" falsecount="0"/>
      <line num="217" count="11" type="stmt"/>
      <line num="218" count="11" type="stmt"/>
      <line num="219" count="11" type="cond" truecount="2" falsecount="0"/>
      <line num="221" count="11" type="stmt"/>
      <line num="222" count="11" type="stmt"/>
      <line num="223" count="11" type="stmt"/>
      <line num="225" count="11" type="stmt"/>
      <line num="226" count="11" type="stmt"/>
      <line num="228" count="11" type="stmt"/>
      <line num="230" count="11" type="stmt"/>
      <line num="231" count="7" type="stmt"/>
      <line num="234" count="11" type="stmt"/>
      <line num="235" count="7" type="stmt"/>
      <line num="236" count="7" type="stmt"/>
      <line num="237" count="7" type="stmt"/>
      <line num="238" count="7" type="stmt"/>
      <line num="239" count="7" type="cond" truecount="1" falsecount="1"/>
      <line num="240" count="0" type="stmt"/>
      <line num="241" count="0" type="stmt"/>
      <line num="248" count="11" type="stmt"/>
      <line num="249" count="11" type="cond" truecount="2" falsecount="0"/>
      <line num="251" count="11" type="stmt"/>
      <line num="252" count="7" type="stmt"/>
      <line num="253" count="7" type="cond" truecount="4" falsecount="0"/>
      <line num="256" count="11" type="stmt"/>
      <line num="257" count="7" type="stmt"/>
      <line num="258" count="7" type="cond" truecount="4" falsecount="0"/>
      <line num="261" count="11" type="stmt"/>
      <line num="262" count="7" type="stmt"/>
      <line num="265" count="11" type="stmt"/>
      <line num="268" count="11" type="stmt"/>
      <line num="269" count="1" type="stmt"/>
      <line num="270" count="1" type="cond" truecount="1" falsecount="1"/>
      <line num="271" count="0" type="stmt"/>
      <line num="272" count="0" type="stmt"/>
      <line num="273" count="0" type="stmt"/>
      <line num="276" count="1" type="stmt"/>
      <line num="277" count="1" type="stmt"/>
      <line num="278" count="1" type="stmt"/>
      <line num="281" count="11" type="cond" truecount="0" falsecount="1"/>
      <line num="282" count="1" type="stmt"/>
      <line num="283" count="1" type="cond" truecount="1" falsecount="1"/>
      <line num="285" count="1" type="stmt"/>
      <line num="287" count="1" type="stmt"/>
      <line num="288" count="1" type="stmt"/>
      <line num="289" count="1" type="stmt"/>
      <line num="291" count="1" type="stmt"/>
      <line num="298" count="1" type="stmt"/>
      <line num="300" count="0" type="stmt"/>
      <line num="301" count="0" type="stmt"/>
      <line num="303" count="0" type="stmt"/>
      <line num="304" count="0" type="stmt"/>
      <line num="306" count="0" type="stmt"/>
      <line num="307" count="0" type="cond" truecount="0" falsecount="2"/>
      <line num="308" count="0" type="cond" truecount="0" falsecount="2"/>
      <line num="309" count="0" type="stmt"/>
      <line num="310" count="0" type="stmt"/>
      <line num="311" count="0" type="stmt"/>
      <line num="312" count="0" type="stmt"/>
      <line num="313" count="0" type="cond" truecount="0" falsecount="2"/>
      <line num="317" count="1" type="stmt"/>
      <line num="318" count="1" type="cond" truecount="1" falsecount="1"/>
      <line num="319" count="1" type="stmt"/>
      <line num="320" count="1" type="stmt"/>
      <line num="321" count="1" type="stmt"/>
      <line num="326" count="1" type="cond" truecount="1" falsecount="1"/>
      <line num="328" count="1" type="cond" truecount="3" falsecount="1"/>
      <line num="329" count="0" type="stmt"/>
      <line num="332" count="1" type="stmt"/>
      <line num="333" count="1" type="stmt"/>
      <line num="334" count="1" type="stmt"/>
      <line num="336" count="1" type="stmt"/>
      <line num="337" count="1" type="stmt"/>
      <line num="343" count="1" type="stmt"/>
      <line num="344" count="1" type="stmt"/>
      <line num="345" count="1" type="stmt"/>
      <line num="346" count="1" type="stmt"/>
      <line num="349" count="1" type="cond" truecount="1" falsecount="3"/>
      <line num="350" count="1" type="cond" truecount="1" falsecount="3"/>
      <line num="352" count="1" type="stmt"/>
      <line num="353" count="1" type="cond" truecount="1" falsecount="1"/>
      <line num="355" count="1" type="stmt"/>
      <line num="356" count="1" type="stmt"/>
      <line num="357" count="1" type="stmt"/>
      <line num="358" count="1" type="stmt"/>
      <line num="360" count="1" type="stmt"/>
      <line num="364" count="11" type="stmt"/>
      <line num="365" count="20" type="stmt"/>
      <line num="366" count="20" type="stmt"/>
      <line num="368" count="20" type="stmt"/>
      <line num="369" count="20" type="stmt"/>
      <line num="371" count="20" type="cond" truecount="2" falsecount="0"/>
      <line num="373" count="4" type="stmt"/>
      <line num="374" count="4" type="cond" truecount="1" falsecount="1"/>
      <line num="377" count="16" type="stmt"/>
      <line num="378" count="16" type="cond" truecount="1" falsecount="1"/>
      <line num="379" count="16" type="cond" truecount="2" falsecount="2"/>
      <line num="380" count="16" type="stmt"/>
      <line num="382" count="16" type="cond" truecount="1" falsecount="1"/>
      <line num="383" count="16" type="cond" truecount="2" falsecount="2"/>
      <line num="384" count="16" type="stmt"/>
      <line num="386" count="16" type="stmt"/>
      <line num="389" count="20" type="stmt"/>
      <line num="390" count="20" type="cond" truecount="1" falsecount="1"/>
      <line num="391" count="20" type="stmt"/>
      <line num="394" count="11" type="stmt"/>
      <line num="395" count="2" type="stmt"/>
      <line num="396" count="2" type="stmt"/>
      <line num="397" count="2" type="stmt"/>
      <line num="398" count="2" type="cond" truecount="1" falsecount="1"/>
      <line num="399" count="0" type="stmt"/>
      <line num="402" count="2" type="cond" truecount="1" falsecount="1"/>
      <line num="403" count="2" type="cond" truecount="1" falsecount="1"/>
      <line num="405" count="2" type="stmt"/>
      <line num="409" count="11" type="cond" truecount="2" falsecount="0"/>
      <line num="410" count="1" type="stmt"/>
      <line num="420" count="10" type="stmt"/>
      <line num="430" count="1" type="stmt"/>
      <line num="442" count="0" type="stmt"/>
      <line num="477" count="50" type="stmt"/>
      <line num="505" count="20" type="cond" truecount="1" falsecount="1"/>
      <line num="507" count="20" type="stmt"/>
      <line num="508" count="20" type="stmt"/>
      <line num="509" count="20" type="stmt"/>
      <line num="511" count="20" type="stmt"/>
      <line num="512" count="20" type="stmt"/>
      <line num="513" count="20" type="stmt"/>
      <line num="514" count="20" type="cond" truecount="1" falsecount="1"/>
      <line num="515" count="20" type="cond" truecount="1" falsecount="1"/>
      <line num="516" count="20" type="stmt"/>
      <line num="519" count="20" type="stmt"/>
      <line num="523" count="2" type="stmt"/>
      <line num="545" count="1" type="stmt"/>
      <line num="546" count="1" type="stmt"/>
      <line num="562" count="1" type="stmt"/>
      <line num="563" count="1" type="stmt"/>
      <line num="569" count="1" type="stmt"/>
      <line num="571" count="0" type="cond" truecount="0" falsecount="2"/>
      <line num="572" count="0" type="cond" truecount="0" falsecount="2"/>
      <line num="573" count="0" type="stmt"/>
      <line num="574" count="0" type="stmt"/>
      <line num="610" count="1" type="stmt"/>
    </file>
  </project>
</coverage>
