{"/Users/fearghuskennedy/Documents/2642922k_UofG_Level4Project/MusicReaderApp/screens/CustomisationScreen.js": {"path":"/Users/fearghuskennedy/Documents/2642922k_UofG_Level4Project/MusicReaderApp/screens/CustomisationScreen.js","statementMap":{"0":{"start":{"line":11,"column":20},"end":{"line":18,"column":1}},"1":{"start":{"line":21,"column":2},"end":{"line":21,"column":47}},"2":{"start":{"line":21,"column":37},"end":{"line":21,"column":47}},"3":{"start":{"line":22,"column":2},"end":{"line":22,"column":19}},"4":{"start":{"line":26,"column":41},"end":{"line":26,"column":60}},"5":{"start":{"line":28,"column":38},"end":{"line":28,"column":51}},"6":{"start":{"line":29,"column":42},"end":{"line":29,"column":53}},"7":{"start":{"line":30,"column":32},"end":{"line":30,"column":47}},"8":{"start":{"line":31,"column":36},"end":{"line":31,"column":51}},"9":{"start":{"line":32,"column":38},"end":{"line":32,"column":55}},"10":{"start":{"line":34,"column":26},"end":{"line":34,"column":41}},"11":{"start":{"line":35,"column":24},"end":{"line":35,"column":36}},"12":{"start":{"line":37,"column":22},"end":{"line":40,"column":3}},"13":{"start":{"line":38,"column":10},"end":{"line":38,"column":46}},"14":{"start":{"line":42,"column":15},"end":{"line":42,"column":82}},"15":{"start":{"line":42,"column":41},"end":{"line":42,"column":82}},"16":{"start":{"line":44,"column":19},"end":{"line":50,"column":3}},"17":{"start":{"line":45,"column":4},"end":{"line":49,"column":5}},"18":{"start":{"line":46,"column":6},"end":{"line":46,"column":64}},"19":{"start":{"line":53,"column":2},"end":{"line":55,"column":12}},"20":{"start":{"line":54,"column":4},"end":{"line":54,"column":39}},"21":{"start":{"line":54,"column":13},"end":{"line":54,"column":39}},"22":{"start":{"line":58,"column":2},"end":{"line":60,"column":13}},"23":{"start":{"line":59,"column":4},"end":{"line":59,"column":56}},"24":{"start":{"line":59,"column":14},"end":{"line":59,"column":56}},"25":{"start":{"line":62,"column":22},"end":{"line":83,"column":3}},"26":{"start":{"line":63,"column":16},"end":{"line":63,"column":48}},"27":{"start":{"line":65,"column":17},"end":{"line":69,"column":6}},"28":{"start":{"line":71,"column":16},"end":{"line":71,"column":33}},"29":{"start":{"line":73,"column":4},"end":{"line":77,"column":5}},"30":{"start":{"line":74,"column":6},"end":{"line":74,"column":29}},"31":{"start":{"line":76,"column":6},"end":{"line":76,"column":73}},"32":{"start":{"line":79,"column":4},"end":{"line":81,"column":5}},"33":{"start":{"line":80,"column":6},"end":{"line":80,"column":82}},"34":{"start":{"line":82,"column":4},"end":{"line":82,"column":22}},"35":{"start":{"line":85,"column":21},"end":{"line":113,"column":3}},"36":{"start":{"line":86,"column":4},"end":{"line":86,"column":15}},"37":{"start":{"line":87,"column":4},"end":{"line":90,"column":5}},"38":{"start":{"line":88,"column":6},"end":{"line":88,"column":74}},"39":{"start":{"line":89,"column":6},"end":{"line":89,"column":13}},"40":{"start":{"line":92,"column":4},"end":{"line":92,"column":18}},"41":{"start":{"line":93,"column":4},"end":{"line":112,"column":5}},"42":{"start":{"line":94,"column":20},"end":{"line":94,"column":39}},"43":{"start":{"line":95,"column":22},"end":{"line":95,"column":39}},"44":{"start":{"line":97,"column":23},"end":{"line":97,"column":83}},"45":{"start":{"line":98,"column":28},"end":{"line":98,"column":61}},"46":{"start":{"line":100,"column":6},"end":{"line":100,"column":54}},"47":{"start":{"line":101,"column":6},"end":{"line":107,"column":9}},"48":{"start":{"line":109,"column":6},"end":{"line":109,"column":42}},"49":{"start":{"line":111,"column":6},"end":{"line":111,"column":21}},"50":{"start":{"line":115,"column":2},"end":{"line":362,"column":4}},"51":{"start":{"line":144,"column":16},"end":{"line":148,"column":18}},"52":{"start":{"line":145,"column":31},"end":{"line":145,"column":54}},"53":{"start":{"line":146,"column":18},"end":{"line":146,"column":68}},"54":{"start":{"line":147,"column":18},"end":{"line":147,"column":30}},"55":{"start":{"line":164,"column":16},"end":{"line":168,"column":18}},"56":{"start":{"line":165,"column":31},"end":{"line":165,"column":54}},"57":{"start":{"line":166,"column":18},"end":{"line":166,"column":68}},"58":{"start":{"line":167,"column":18},"end":{"line":167,"column":30}},"59":{"start":{"line":199,"column":16},"end":{"line":203,"column":18}},"60":{"start":{"line":200,"column":31},"end":{"line":200,"column":49}},"61":{"start":{"line":201,"column":18},"end":{"line":201,"column":60}},"62":{"start":{"line":202,"column":18},"end":{"line":202,"column":30}},"63":{"start":{"line":219,"column":16},"end":{"line":223,"column":18}},"64":{"start":{"line":220,"column":31},"end":{"line":220,"column":49}},"65":{"start":{"line":221,"column":18},"end":{"line":221,"column":60}},"66":{"start":{"line":222,"column":18},"end":{"line":222,"column":30}},"67":{"start":{"line":248,"column":14},"end":{"line":252,"column":17}},"68":{"start":{"line":249,"column":29},"end":{"line":249,"column":31}},"69":{"start":{"line":250,"column":16},"end":{"line":250,"column":70}},"70":{"start":{"line":251,"column":16},"end":{"line":251,"column":28}},"71":{"start":{"line":278,"column":14},"end":{"line":282,"column":17}},"72":{"start":{"line":279,"column":29},"end":{"line":279,"column":31}},"73":{"start":{"line":280,"column":16},"end":{"line":280,"column":62}},"74":{"start":{"line":281,"column":16},"end":{"line":281,"column":28}},"75":{"start":{"line":303,"column":37},"end":{"line":303,"column":59}},"76":{"start":{"line":313,"column":31},"end":{"line":313,"column":55}},"77":{"start":{"line":314,"column":14},"end":{"line":334,"column":16}},"78":{"start":{"line":319,"column":20},"end":{"line":319,"column":45}},"79":{"start":{"line":320,"column":20},"end":{"line":320,"column":65}},"80":{"start":{"line":365,"column":15},"end":{"line":393,"column":2}}},"fnMap":{"0":{"name":"safeString","decl":{"start":{"line":20,"column":9},"end":{"line":20,"column":19}},"loc":{"start":{"line":20,"column":23},"end":{"line":23,"column":1}},"line":20},"1":{"name":"CustomisationScreen","decl":{"start":{"line":25,"column":24},"end":{"line":25,"column":43}},"loc":{"start":{"line":25,"column":67},"end":{"line":363,"column":1}},"line":25},"2":{"name":"(anonymous_2)","decl":{"start":{"line":38,"column":4},"end":{"line":38,"column":5}},"loc":{"start":{"line":38,"column":10},"end":{"line":38,"column":46}},"line":38},"3":{"name":"(anonymous_3)","decl":{"start":{"line":42,"column":15},"end":{"line":42,"column":16}},"loc":{"start":{"line":42,"column":41},"end":{"line":42,"column":82}},"line":42},"4":{"name":"(anonymous_4)","decl":{"start":{"line":44,"column":19},"end":{"line":44,"column":20}},"loc":{"start":{"line":44,"column":38},"end":{"line":50,"column":3}},"line":44},"5":{"name":"(anonymous_5)","decl":{"start":{"line":53,"column":12},"end":{"line":53,"column":13}},"loc":{"start":{"line":53,"column":18},"end":{"line":55,"column":3}},"line":53},"6":{"name":"(anonymous_6)","decl":{"start":{"line":58,"column":12},"end":{"line":58,"column":13}},"loc":{"start":{"line":58,"column":18},"end":{"line":60,"column":3}},"line":58},"7":{"name":"(anonymous_7)","decl":{"start":{"line":62,"column":22},"end":{"line":62,"column":23}},"loc":{"start":{"line":62,"column":34},"end":{"line":83,"column":3}},"line":62},"8":{"name":"(anonymous_8)","decl":{"start":{"line":85,"column":21},"end":{"line":85,"column":22}},"loc":{"start":{"line":85,"column":33},"end":{"line":113,"column":3}},"line":85},"9":{"name":"(anonymous_9)","decl":{"start":{"line":143,"column":23},"end":{"line":143,"column":24}},"loc":{"start":{"line":144,"column":16},"end":{"line":148,"column":18}},"line":144},"10":{"name":"(anonymous_10)","decl":{"start":{"line":144,"column":30},"end":{"line":144,"column":31}},"loc":{"start":{"line":144,"column":37},"end":{"line":148,"column":17}},"line":144},"11":{"name":"(anonymous_11)","decl":{"start":{"line":163,"column":23},"end":{"line":163,"column":24}},"loc":{"start":{"line":164,"column":16},"end":{"line":168,"column":18}},"line":164},"12":{"name":"(anonymous_12)","decl":{"start":{"line":164,"column":30},"end":{"line":164,"column":31}},"loc":{"start":{"line":164,"column":37},"end":{"line":168,"column":17}},"line":164},"13":{"name":"(anonymous_13)","decl":{"start":{"line":198,"column":23},"end":{"line":198,"column":24}},"loc":{"start":{"line":199,"column":16},"end":{"line":203,"column":18}},"line":199},"14":{"name":"(anonymous_14)","decl":{"start":{"line":199,"column":32},"end":{"line":199,"column":33}},"loc":{"start":{"line":199,"column":39},"end":{"line":203,"column":17}},"line":199},"15":{"name":"(anonymous_15)","decl":{"start":{"line":218,"column":23},"end":{"line":218,"column":24}},"loc":{"start":{"line":219,"column":16},"end":{"line":223,"column":18}},"line":219},"16":{"name":"(anonymous_16)","decl":{"start":{"line":219,"column":32},"end":{"line":219,"column":33}},"loc":{"start":{"line":219,"column":39},"end":{"line":223,"column":17}},"line":219},"17":{"name":"(anonymous_17)","decl":{"start":{"line":247,"column":21},"end":{"line":247,"column":22}},"loc":{"start":{"line":247,"column":27},"end":{"line":253,"column":13}},"line":247},"18":{"name":"(anonymous_18)","decl":{"start":{"line":248,"column":25},"end":{"line":248,"column":26}},"loc":{"start":{"line":248,"column":32},"end":{"line":252,"column":15}},"line":248},"19":{"name":"(anonymous_19)","decl":{"start":{"line":277,"column":21},"end":{"line":277,"column":22}},"loc":{"start":{"line":277,"column":27},"end":{"line":283,"column":13}},"line":277},"20":{"name":"(anonymous_20)","decl":{"start":{"line":278,"column":27},"end":{"line":278,"column":28}},"loc":{"start":{"line":278,"column":34},"end":{"line":282,"column":15}},"line":278},"21":{"name":"(anonymous_21)","decl":{"start":{"line":303,"column":30},"end":{"line":303,"column":31}},"loc":{"start":{"line":303,"column":37},"end":{"line":303,"column":59}},"line":303},"22":{"name":"(anonymous_22)","decl":{"start":{"line":312,"column":29},"end":{"line":312,"column":30}},"loc":{"start":{"line":312,"column":38},"end":{"line":335,"column":13}},"line":312},"23":{"name":"(anonymous_23)","decl":{"start":{"line":318,"column":27},"end":{"line":318,"column":28}},"loc":{"start":{"line":318,"column":33},"end":{"line":321,"column":19}},"line":318}},"branchMap":{"0":{"loc":{"start":{"line":21,"column":2},"end":{"line":21,"column":47}},"type":"if","locations":[{"start":{"line":21,"column":2},"end":{"line":21,"column":47}},{"start":{},"end":{}}],"line":21},"1":{"loc":{"start":{"line":21,"column":6},"end":{"line":21,"column":35}},"type":"binary-expr","locations":[{"start":{"line":21,"column":6},"end":{"line":21,"column":16}},{"start":{"line":21,"column":20},"end":{"line":21,"column":35}}],"line":21},"2":{"loc":{"start":{"line":26,"column":41},"end":{"line":26,"column":60}},"type":"binary-expr","locations":[{"start":{"line":26,"column":41},"end":{"line":26,"column":54}},{"start":{"line":26,"column":58},"end":{"line":26,"column":60}}],"line":26},"3":{"loc":{"start":{"line":38,"column":10},"end":{"line":38,"column":46}},"type":"binary-expr","locations":[{"start":{"line":38,"column":10},"end":{"line":38,"column":26}},{"start":{"line":38,"column":30},"end":{"line":38,"column":37}},{"start":{"line":38,"column":41},"end":{"line":38,"column":46}}],"line":38},"4":{"loc":{"start":{"line":54,"column":4},"end":{"line":54,"column":39}},"type":"if","locations":[{"start":{"line":54,"column":4},"end":{"line":54,"column":39}},{"start":{},"end":{}}],"line":54},"5":{"loc":{"start":{"line":59,"column":4},"end":{"line":59,"column":56}},"type":"if","locations":[{"start":{"line":59,"column":4},"end":{"line":59,"column":56}},{"start":{},"end":{}}],"line":59},"6":{"loc":{"start":{"line":79,"column":4},"end":{"line":81,"column":5}},"type":"if","locations":[{"start":{"line":79,"column":4},"end":{"line":81,"column":5}},{"start":{},"end":{}}],"line":79},"7":{"loc":{"start":{"line":79,"column":8},"end":{"line":79,"column":33}},"type":"binary-expr","locations":[{"start":{"line":79,"column":8},"end":{"line":79,"column":16}},{"start":{"line":79,"column":20},"end":{"line":79,"column":33}}],"line":79},"8":{"loc":{"start":{"line":80,"column":22},"end":{"line":80,"column":80}},"type":"binary-expr","locations":[{"start":{"line":80,"column":22},"end":{"line":80,"column":32}},{"start":{"line":80,"column":36},"end":{"line":80,"column":80}}],"line":80},"9":{"loc":{"start":{"line":87,"column":4},"end":{"line":90,"column":5}},"type":"if","locations":[{"start":{"line":87,"column":4},"end":{"line":90,"column":5}},{"start":{},"end":{}}],"line":87},"10":{"loc":{"start":{"line":109,"column":24},"end":{"line":109,"column":39}},"type":"binary-expr","locations":[{"start":{"line":109,"column":24},"end":{"line":109,"column":34}},{"start":{"line":109,"column":38},"end":{"line":109,"column":39}}],"line":109},"11":{"loc":{"start":{"line":122,"column":9},"end":{"line":126,"column":16}},"type":"cond-expr","locations":[{"start":{"line":123,"column":10},"end":{"line":125,"column":17}},{"start":{"line":126,"column":12},"end":{"line":126,"column":16}}],"line":122},"12":{"loc":{"start":{"line":246,"column":32},"end":{"line":246,"column":61}},"type":"cond-expr","locations":[{"start":{"line":246,"column":42},"end":{"line":246,"column":54}},{"start":{"line":246,"column":57},"end":{"line":246,"column":61}}],"line":246},"13":{"loc":{"start":{"line":250,"column":47},"end":{"line":250,"column":66}},"type":"cond-expr","locations":[{"start":{"line":250,"column":54},"end":{"line":250,"column":58}},{"start":{"line":250,"column":61},"end":{"line":250,"column":66}}],"line":250},"14":{"loc":{"start":{"line":262,"column":42},"end":{"line":262,"column":75}},"type":"cond-expr","locations":[{"start":{"line":262,"column":52},"end":{"line":262,"column":68}},{"start":{"line":262,"column":71},"end":{"line":262,"column":75}}],"line":262},"15":{"loc":{"start":{"line":263,"column":15},"end":{"line":263,"column":37}},"type":"cond-expr","locations":[{"start":{"line":263,"column":25},"end":{"line":263,"column":29}},{"start":{"line":263,"column":32},"end":{"line":263,"column":37}}],"line":263},"16":{"loc":{"start":{"line":276,"column":32},"end":{"line":276,"column":63}},"type":"cond-expr","locations":[{"start":{"line":276,"column":44},"end":{"line":276,"column":56}},{"start":{"line":276,"column":59},"end":{"line":276,"column":63}}],"line":276},"17":{"loc":{"start":{"line":280,"column":39},"end":{"line":280,"column":58}},"type":"cond-expr","locations":[{"start":{"line":280,"column":46},"end":{"line":280,"column":50}},{"start":{"line":280,"column":53},"end":{"line":280,"column":58}}],"line":280},"18":{"loc":{"start":{"line":292,"column":42},"end":{"line":292,"column":77}},"type":"cond-expr","locations":[{"start":{"line":292,"column":54},"end":{"line":292,"column":70}},{"start":{"line":292,"column":73},"end":{"line":292,"column":77}}],"line":292},"19":{"loc":{"start":{"line":293,"column":15},"end":{"line":293,"column":39}},"type":"cond-expr","locations":[{"start":{"line":293,"column":27},"end":{"line":293,"column":31}},{"start":{"line":293,"column":34},"end":{"line":293,"column":39}}],"line":293},"20":{"loc":{"start":{"line":303,"column":13},"end":{"line":303,"column":80}},"type":"binary-expr","locations":[{"start":{"line":303,"column":13},"end":{"line":303,"column":67}},{"start":{"line":303,"column":71},"end":{"line":303,"column":80}}],"line":303},"21":{"loc":{"start":{"line":317,"column":39},"end":{"line":317,"column":70}},"type":"cond-expr","locations":[{"start":{"line":317,"column":50},"end":{"line":317,"column":63}},{"start":{"line":317,"column":66},"end":{"line":317,"column":70}}],"line":317},"22":{"loc":{"start":{"line":330,"column":49},"end":{"line":330,"column":84}},"type":"cond-expr","locations":[{"start":{"line":330,"column":60},"end":{"line":330,"column":77}},{"start":{"line":330,"column":80},"end":{"line":330,"column":84}}],"line":330},"23":{"loc":{"start":{"line":339,"column":9},"end":{"line":343,"column":16}},"type":"cond-expr","locations":[{"start":{"line":340,"column":10},"end":{"line":342,"column":17}},{"start":{"line":343,"column":12},"end":{"line":343,"column":16}}],"line":339},"24":{"loc":{"start":{"line":346,"column":34},"end":{"line":346,"column":88}},"type":"cond-expr","locations":[{"start":{"line":346,"column":59},"end":{"line":346,"column":81}},{"start":{"line":346,"column":84},"end":{"line":346,"column":88}}],"line":346},"25":{"loc":{"start":{"line":346,"column":35},"end":{"line":346,"column":55}},"type":"binary-expr","locations":[{"start":{"line":346,"column":35},"end":{"line":346,"column":47}},{"start":{"line":346,"column":51},"end":{"line":346,"column":55}}],"line":346},"26":{"loc":{"start":{"line":348,"column":20},"end":{"line":348,"column":40}},"type":"binary-expr","locations":[{"start":{"line":348,"column":20},"end":{"line":348,"column":32}},{"start":{"line":348,"column":36},"end":{"line":348,"column":40}}],"line":348},"27":{"loc":{"start":{"line":351,"column":30},"end":{"line":351,"column":78}},"type":"cond-expr","locations":[{"start":{"line":351,"column":37},"end":{"line":351,"column":54}},{"start":{"line":351,"column":57},"end":{"line":351,"column":78}}],"line":351},"28":{"loc":{"start":{"line":353,"column":42},"end":{"line":353,"column":62}},"type":"binary-expr","locations":[{"start":{"line":353,"column":42},"end":{"line":353,"column":54}},{"start":{"line":353,"column":58},"end":{"line":353,"column":62}}],"line":353},"29":{"loc":{"start":{"line":357,"column":13},"end":{"line":357,"column":64}},"type":"cond-expr","locations":[{"start":{"line":357,"column":20},"end":{"line":357,"column":40}},{"start":{"line":357,"column":43},"end":{"line":357,"column":64}}],"line":357}},"s":{"0":1,"1":2,"2":0,"3":2,"4":12,"5":12,"6":12,"7":12,"8":12,"9":12,"10":12,"11":12,"12":12,"13":6,"14":12,"15":0,"16":12,"17":6,"18":6,"19":12,"20":7,"21":1,"22":12,"23":10,"24":2,"25":12,"26":2,"27":2,"28":2,"29":2,"30":2,"31":0,"32":2,"33":1,"34":1,"35":12,"36":2,"37":2,"38":0,"39":0,"40":2,"41":2,"42":2,"43":1,"44":1,"45":1,"46":1,"47":1,"48":1,"49":2,"50":12,"51":0,"52":0,"53":0,"54":0,"55":0,"56":0,"57":0,"58":0,"59":0,"60":0,"61":0,"62":0,"63":0,"64":0,"65":0,"66":0,"67":1,"68":1,"69":1,"70":1,"71":1,"72":1,"73":1,"74":1,"75":12,"76":72,"77":72,"78":0,"79":0,"80":1},"f":{"0":2,"1":12,"2":6,"3":0,"4":6,"5":7,"6":10,"7":2,"8":2,"9":0,"10":0,"11":0,"12":0,"13":0,"14":0,"15":0,"16":0,"17":1,"18":1,"19":1,"20":1,"21":12,"22":72,"23":0},"b":{"0":[0,2],"1":[2,2],"2":[12,0],"3":[6,5,5],"4":[1,6],"5":[2,8],"6":[1,1],"7":[2,2],"8":[1,0],"9":[0,2],"10":[1,0],"11":[1,11],"12":[1,11],"13":[1,0],"14":[1,11],"15":[1,11],"16":[1,11],"17":[1,0],"18":[1,11],"19":[1,11],"20":[12,0],"21":[12,60],"22":[12,60],"23":[1,11],"24":[3,9],"25":[12,11],"26":[12,11],"27":[2,10],"28":[12,11],"29":[2,10]},"_coverageSchema":"1a1c01bbd47fc00a2c39e90264f33305004495a9","hash":"64d6b6980627aa42f02ecc7cd2d8689a4205d88e"}
,"/Users/fearghuskennedy/Documents/2642922k_UofG_Level4Project/MusicReaderApp/screens/HomeScreen.js": {"path":"/Users/fearghuskennedy/Documents/2642922k_UofG_Level4Project/MusicReaderApp/screens/HomeScreen.js","statementMap":{"0":{"start":{"line":7,"column":2},"end":{"line":7,"column":27}},"1":{"start":{"line":7,"column":15},"end":{"line":7,"column":27}},"2":{"start":{"line":8,"column":2},"end":{"line":8,"column":47}},"3":{"start":{"line":8,"column":33},"end":{"line":8,"column":47}},"4":{"start":{"line":9,"column":2},"end":{"line":9,"column":79}},"5":{"start":{"line":9,"column":55},"end":{"line":9,"column":79}},"6":{"start":{"line":10,"column":2},"end":{"line":10,"column":14}},"7":{"start":{"line":14,"column":20},"end":{"line":40,"column":18}},"8":{"start":{"line":15,"column":4},"end":{"line":39,"column":5}},"9":{"start":{"line":16,"column":25},"end":{"line":16,"column":74}},"10":{"start":{"line":17,"column":6},"end":{"line":20,"column":7}},"11":{"start":{"line":18,"column":8},"end":{"line":18,"column":75}},"12":{"start":{"line":19,"column":8},"end":{"line":19,"column":15}},"13":{"start":{"line":22,"column":21},"end":{"line":25,"column":8}},"14":{"start":{"line":27,"column":6},"end":{"line":27,"column":57}},"15":{"start":{"line":27,"column":50},"end":{"line":27,"column":57}},"16":{"start":{"line":28,"column":20},"end":{"line":28,"column":36}},"17":{"start":{"line":30,"column":6},"end":{"line":36,"column":9}},"18":{"start":{"line":38,"column":6},"end":{"line":38,"column":66}},"19":{"start":{"line":42,"column":19},"end":{"line":67,"column":18}},"20":{"start":{"line":43,"column":4},"end":{"line":66,"column":5}},"21":{"start":{"line":44,"column":21},"end":{"line":48,"column":8}},"22":{"start":{"line":50,"column":19},"end":{"line":50,"column":40}},"23":{"start":{"line":51,"column":6},"end":{"line":51,"column":24}},"24":{"start":{"line":51,"column":17},"end":{"line":51,"column":24}},"25":{"start":{"line":53,"column":6},"end":{"line":63,"column":9}},"26":{"start":{"line":65,"column":6},"end":{"line":65,"column":67}},"27":{"start":{"line":69,"column":2},"end":{"line":106,"column":4}},"28":{"start":{"line":109,"column":15},"end":{"line":115,"column":2}}},"fnMap":{"0":{"name":"getPickedFile","decl":{"start":{"line":6,"column":9},"end":{"line":6,"column":22}},"loc":{"start":{"line":6,"column":31},"end":{"line":11,"column":1}},"line":6},"1":{"name":"HomeScreen","decl":{"start":{"line":13,"column":24},"end":{"line":13,"column":34}},"loc":{"start":{"line":13,"column":51},"end":{"line":107,"column":1}},"line":13},"2":{"name":"(anonymous_2)","decl":{"start":{"line":14,"column":32},"end":{"line":14,"column":33}},"loc":{"start":{"line":14,"column":44},"end":{"line":40,"column":3}},"line":14},"3":{"name":"(anonymous_3)","decl":{"start":{"line":42,"column":31},"end":{"line":42,"column":32}},"loc":{"start":{"line":42,"column":43},"end":{"line":67,"column":3}},"line":42}},"branchMap":{"0":{"loc":{"start":{"line":7,"column":2},"end":{"line":7,"column":27}},"type":"if","locations":[{"start":{"line":7,"column":2},"end":{"line":7,"column":27}},{"start":{},"end":{}}],"line":7},"1":{"loc":{"start":{"line":8,"column":2},"end":{"line":8,"column":47}},"type":"if","locations":[{"start":{"line":8,"column":2},"end":{"line":8,"column":47}},{"start":{},"end":{}}],"line":8},"2":{"loc":{"start":{"line":9,"column":2},"end":{"line":9,"column":79}},"type":"if","locations":[{"start":{"line":9,"column":2},"end":{"line":9,"column":79}},{"start":{},"end":{}}],"line":9},"3":{"loc":{"start":{"line":9,"column":6},"end":{"line":9,"column":53}},"type":"binary-expr","locations":[{"start":{"line":9,"column":6},"end":{"line":9,"column":31}},{"start":{"line":9,"column":35},"end":{"line":9,"column":53}}],"line":9},"4":{"loc":{"start":{"line":17,"column":6},"end":{"line":20,"column":7}},"type":"if","locations":[{"start":{"line":17,"column":6},"end":{"line":20,"column":7}},{"start":{},"end":{}}],"line":17},"5":{"loc":{"start":{"line":27,"column":6},"end":{"line":27,"column":57}},"type":"if","locations":[{"start":{"line":27,"column":6},"end":{"line":27,"column":57}},{"start":{},"end":{}}],"line":27},"6":{"loc":{"start":{"line":27,"column":10},"end":{"line":27,"column":48}},"type":"binary-expr","locations":[{"start":{"line":27,"column":10},"end":{"line":27,"column":25}},{"start":{"line":27,"column":29},"end":{"line":27,"column":48}}],"line":27},"7":{"loc":{"start":{"line":38,"column":27},"end":{"line":38,"column":64}},"type":"binary-expr","locations":[{"start":{"line":38,"column":27},"end":{"line":38,"column":37}},{"start":{"line":38,"column":41},"end":{"line":38,"column":64}}],"line":38},"8":{"loc":{"start":{"line":51,"column":6},"end":{"line":51,"column":24}},"type":"if","locations":[{"start":{"line":51,"column":6},"end":{"line":51,"column":24}},{"start":{},"end":{}}],"line":51},"9":{"loc":{"start":{"line":56,"column":16},"end":{"line":56,"column":40}},"type":"binary-expr","locations":[{"start":{"line":56,"column":16},"end":{"line":56,"column":25}},{"start":{"line":56,"column":29},"end":{"line":56,"column":40}}],"line":56},"10":{"loc":{"start":{"line":58,"column":12},"end":{"line":61,"column":28}},"type":"binary-expr","locations":[{"start":{"line":58,"column":12},"end":{"line":58,"column":25}},{"start":{"line":59,"column":13},"end":{"line":61,"column":27}}],"line":58},"11":{"loc":{"start":{"line":59,"column":13},"end":{"line":61,"column":27}},"type":"cond-expr","locations":[{"start":{"line":60,"column":16},"end":{"line":60,"column":33}},{"start":{"line":61,"column":16},"end":{"line":61,"column":27}}],"line":59},"12":{"loc":{"start":{"line":65,"column":27},"end":{"line":65,"column":65}},"type":"binary-expr","locations":[{"start":{"line":65,"column":27},"end":{"line":65,"column":37}},{"start":{"line":65,"column":41},"end":{"line":65,"column":65}}],"line":65}},"s":{"0":1,"1":0,"2":1,"3":0,"4":1,"5":1,"6":0,"7":3,"8":1,"9":1,"10":1,"11":0,"12":0,"13":1,"14":1,"15":0,"16":1,"17":1,"18":0,"19":3,"20":1,"21":1,"22":1,"23":1,"24":0,"25":1,"26":0,"27":3,"28":1},"f":{"0":1,"1":3,"2":1,"3":1},"b":{"0":[0,1],"1":[0,1],"2":[1,0],"3":[1,1],"4":[0,1],"5":[0,1],"6":[1,1],"7":[0,0],"8":[0,1],"9":[1,0],"10":[1,0],"11":[0,0],"12":[0,0]},"_coverageSchema":"1a1c01bbd47fc00a2c39e90264f33305004495a9","hash":"6b175a972db667eb96eb279daf9958f47423c7dc"}
,"/Users/fearghuskennedy/Documents/2642922k_UofG_Level4Project/MusicReaderApp/screens/ResultScreen.js": {"path":"/Users/fearghuskennedy/Documents/2642922k_UofG_Level4Project/MusicReaderApp/screens/ResultScreen.js","statementMap":{"0":{"start":{"line":15,"column":2},"end":{"line":15,"column":47}},"1":{"start":{"line":15,"column":37},"end":{"line":15,"column":47}},"2":{"start":{"line":16,"column":2},"end":{"line":16,"column":19}},"3":{"start":{"line":20,"column":2},"end":{"line":24,"column":3}},"4":{"start":{"line":21,"column":4},"end":{"line":21,"column":62}},"5":{"start":{"line":28,"column":2},"end":{"line":28,"column":16}},"6":{"start":{"line":29,"column":12},"end":{"line":29,"column":35}},"7":{"start":{"line":30,"column":2},"end":{"line":30,"column":17}},"8":{"start":{"line":30,"column":10},"end":{"line":30,"column":17}},"9":{"start":{"line":31,"column":2},"end":{"line":31,"column":57}},"10":{"start":{"line":35,"column":15},"end":{"line":43,"column":3}},"11":{"start":{"line":45,"column":2},"end":{"line":49,"column":5}},"12":{"start":{"line":46,"column":17},"end":{"line":46,"column":39}},"13":{"start":{"line":47,"column":23},"end":{"line":47,"column":83}},"14":{"start":{"line":48,"column":4},"end":{"line":48,"column":34}},"15":{"start":{"line":54,"column":22},"end":{"line":54,"column":70}},"16":{"start":{"line":55,"column":18},"end":{"line":55,"column":20}},"17":{"start":{"line":57,"column":2},"end":{"line":69,"column":3}},"18":{"start":{"line":59,"column":15},"end":{"line":64,"column":13}},"19":{"start":{"line":66,"column":4},"end":{"line":68,"column":5}},"20":{"start":{"line":67,"column":6},"end":{"line":67,"column":25}},"21":{"start":{"line":70,"column":2},"end":{"line":70,"column":28}},"22":{"start":{"line":74,"column":12},"end":{"line":74,"column":32}},"23":{"start":{"line":75,"column":2},"end":{"line":75,"column":23}},"24":{"start":{"line":75,"column":10},"end":{"line":75,"column":23}},"25":{"start":{"line":76,"column":2},"end":{"line":76,"column":39}},"26":{"start":{"line":76,"column":26},"end":{"line":76,"column":39}},"27":{"start":{"line":77,"column":2},"end":{"line":77,"column":14}},"28":{"start":{"line":81,"column":16},"end":{"line":81,"column":35}},"29":{"start":{"line":82,"column":2},"end":{"line":89,"column":16}},"30":{"start":{"line":85,"column":18},"end":{"line":85,"column":44}},"31":{"start":{"line":86,"column":6},"end":{"line":86,"column":81}},"32":{"start":{"line":88,"column":19},"end":{"line":88,"column":51}},"33":{"start":{"line":93,"column":17},"end":{"line":93,"column":75}},"34":{"start":{"line":93,"column":51},"end":{"line":93,"column":64}},"35":{"start":{"line":94,"column":12},"end":{"line":94,"column":66}},"36":{"start":{"line":95,"column":2},"end":{"line":95,"column":45}},"37":{"start":{"line":95,"column":14},"end":{"line":95,"column":45}},"38":{"start":{"line":96,"column":13},"end":{"line":96,"column":45}},"39":{"start":{"line":97,"column":2},"end":{"line":97,"column":47}},"40":{"start":{"line":97,"column":15},"end":{"line":97,"column":47}},"41":{"start":{"line":98,"column":2},"end":{"line":98,"column":12}},"42":{"start":{"line":102,"column":17},"end":{"line":102,"column":75}},"43":{"start":{"line":102,"column":51},"end":{"line":102,"column":64}},"44":{"start":{"line":103,"column":13},"end":{"line":103,"column":79}},"45":{"start":{"line":104,"column":2},"end":{"line":104,"column":35}},"46":{"start":{"line":104,"column":15},"end":{"line":104,"column":35}},"47":{"start":{"line":105,"column":13},"end":{"line":105,"column":69}},"48":{"start":{"line":106,"column":2},"end":{"line":106,"column":35}},"49":{"start":{"line":106,"column":15},"end":{"line":106,"column":35}},"50":{"start":{"line":107,"column":13},"end":{"line":107,"column":62}},"51":{"start":{"line":108,"column":2},"end":{"line":108,"column":35}},"52":{"start":{"line":108,"column":15},"end":{"line":108,"column":35}},"53":{"start":{"line":109,"column":2},"end":{"line":109,"column":12}},"54":{"start":{"line":113,"column":16},"end":{"line":113,"column":44}},"55":{"start":{"line":114,"column":19},"end":{"line":114,"column":53}},"56":{"start":{"line":115,"column":18},"end":{"line":115,"column":89}},"57":{"start":{"line":116,"column":17},"end":{"line":116,"column":71}},"58":{"start":{"line":117,"column":16},"end":{"line":117,"column":44}},"59":{"start":{"line":119,"column":16},"end":{"line":119,"column":18}},"60":{"start":{"line":120,"column":2},"end":{"line":120,"column":43}},"61":{"start":{"line":120,"column":13},"end":{"line":120,"column":43}},"62":{"start":{"line":121,"column":2},"end":{"line":121,"column":52}},"63":{"start":{"line":121,"column":16},"end":{"line":121,"column":52}},"64":{"start":{"line":122,"column":2},"end":{"line":122,"column":56}},"65":{"start":{"line":122,"column":15},"end":{"line":122,"column":56}},"66":{"start":{"line":123,"column":2},"end":{"line":123,"column":43}},"67":{"start":{"line":123,"column":14},"end":{"line":123,"column":43}},"68":{"start":{"line":124,"column":2},"end":{"line":124,"column":43}},"69":{"start":{"line":124,"column":13},"end":{"line":124,"column":43}},"70":{"start":{"line":126,"column":2},"end":{"line":128,"column":3}},"71":{"start":{"line":127,"column":4},"end":{"line":127,"column":70}},"72":{"start":{"line":127,"column":45},"end":{"line":127,"column":70}},"73":{"start":{"line":129,"column":2},"end":{"line":129,"column":15}},"74":{"start":{"line":133,"column":16},"end":{"line":133,"column":25}},"75":{"start":{"line":135,"column":2},"end":{"line":166,"column":3}},"76":{"start":{"line":136,"column":21},"end":{"line":136,"column":43}},"77":{"start":{"line":137,"column":19},"end":{"line":137,"column":39}},"78":{"start":{"line":139,"column":4},"end":{"line":165,"column":5}},"79":{"start":{"line":140,"column":6},"end":{"line":164,"column":7}},"80":{"start":{"line":141,"column":8},"end":{"line":163,"column":9}},"81":{"start":{"line":142,"column":25},"end":{"line":142,"column":36}},"82":{"start":{"line":143,"column":10},"end":{"line":143,"column":64}},"83":{"start":{"line":143,"column":55},"end":{"line":143,"column":64}},"84":{"start":{"line":145,"column":20},"end":{"line":145,"column":61}},"85":{"start":{"line":147,"column":24},"end":{"line":147,"column":83}},"86":{"start":{"line":148,"column":24},"end":{"line":148,"column":81}},"87":{"start":{"line":150,"column":26},"end":{"line":150,"column":77}},"88":{"start":{"line":151,"column":25},"end":{"line":151,"column":76}},"89":{"start":{"line":153,"column":26},"end":{"line":153,"column":55}},"90":{"start":{"line":155,"column":27},"end":{"line":155,"column":39}},"91":{"start":{"line":156,"column":10},"end":{"line":162,"column":11}},"92":{"start":{"line":157,"column":12},"end":{"line":157,"column":81}},"93":{"start":{"line":159,"column":12},"end":{"line":159,"column":73}},"94":{"start":{"line":159,"column":46},"end":{"line":159,"column":73}},"95":{"start":{"line":160,"column":12},"end":{"line":160,"column":69}},"96":{"start":{"line":160,"column":44},"end":{"line":160,"column":69}},"97":{"start":{"line":161,"column":12},"end":{"line":161,"column":101}},"98":{"start":{"line":161,"column":74},"end":{"line":161,"column":101}},"99":{"start":{"line":168,"column":14},"end":{"line":168,"column":40}},"100":{"start":{"line":169,"column":2},"end":{"line":178,"column":5}},"101":{"start":{"line":170,"column":15},"end":{"line":170,"column":59}},"102":{"start":{"line":171,"column":15},"end":{"line":171,"column":59}},"103":{"start":{"line":172,"column":4},"end":{"line":172,"column":34}},"104":{"start":{"line":172,"column":19},"end":{"line":172,"column":34}},"105":{"start":{"line":174,"column":15},"end":{"line":174,"column":31}},"106":{"start":{"line":175,"column":15},"end":{"line":175,"column":31}},"107":{"start":{"line":176,"column":4},"end":{"line":176,"column":67}},"108":{"start":{"line":176,"column":52},"end":{"line":176,"column":67}},"109":{"start":{"line":177,"column":4},"end":{"line":177,"column":60}},"110":{"start":{"line":180,"column":2},"end":{"line":180,"column":13}},"111":{"start":{"line":184,"column":12},"end":{"line":184,"column":47}},"112":{"start":{"line":185,"column":14},"end":{"line":185,"column":16}},"113":{"start":{"line":187,"column":2},"end":{"line":203,"column":3}},"114":{"start":{"line":187,"column":22},"end":{"line":187,"column":23}},"115":{"start":{"line":188,"column":19},"end":{"line":188,"column":66}},"116":{"start":{"line":189,"column":18},"end":{"line":189,"column":54}},"117":{"start":{"line":190,"column":4},"end":{"line":190,"column":32}},"118":{"start":{"line":190,"column":23},"end":{"line":190,"column":32}},"119":{"start":{"line":192,"column":18},"end":{"line":192,"column":26}},"120":{"start":{"line":193,"column":17},"end":{"line":193,"column":40}},"121":{"start":{"line":195,"column":4},"end":{"line":202,"column":7}},"122":{"start":{"line":205,"column":2},"end":{"line":205,"column":13}},"123":{"start":{"line":209,"column":14},"end":{"line":209,"column":32}},"124":{"start":{"line":210,"column":21},"end":{"line":210,"column":78}},"125":{"start":{"line":211,"column":16},"end":{"line":211,"column":48}},"126":{"start":{"line":212,"column":19},"end":{"line":212,"column":48}},"127":{"start":{"line":213,"column":24},"end":{"line":213,"column":70}},"128":{"start":{"line":215,"column":21},"end":{"line":215,"column":48}},"129":{"start":{"line":216,"column":23},"end":{"line":216,"column":71}},"130":{"start":{"line":217,"column":18},"end":{"line":217,"column":37}},"131":{"start":{"line":218,"column":20},"end":{"line":218,"column":41}},"132":{"start":{"line":219,"column":21},"end":{"line":219,"column":78}},"133":{"start":{"line":221,"column":46},"end":{"line":221,"column":71}},"134":{"start":{"line":221,"column":61},"end":{"line":221,"column":70}},"135":{"start":{"line":222,"column":48},"end":{"line":222,"column":68}},"136":{"start":{"line":222,"column":64},"end":{"line":222,"column":66}},"137":{"start":{"line":223,"column":52},"end":{"line":223,"column":72}},"138":{"start":{"line":223,"column":68},"end":{"line":223,"column":70}},"139":{"start":{"line":225,"column":19},"end":{"line":225,"column":31}},"140":{"start":{"line":226,"column":46},"end":{"line":226,"column":61}},"141":{"start":{"line":228,"column":34},"end":{"line":228,"column":46}},"142":{"start":{"line":230,"column":2},"end":{"line":232,"column":9}},"143":{"start":{"line":231,"column":4},"end":{"line":231,"column":106}},"144":{"start":{"line":234,"column":2},"end":{"line":246,"column":9}},"145":{"start":{"line":235,"column":4},"end":{"line":245,"column":6}},"146":{"start":{"line":236,"column":6},"end":{"line":236,"column":20}},"147":{"start":{"line":237,"column":6},"end":{"line":244,"column":11}},"148":{"start":{"line":238,"column":8},"end":{"line":243,"column":18}},"149":{"start":{"line":239,"column":10},"end":{"line":242,"column":11}},"150":{"start":{"line":240,"column":12},"end":{"line":240,"column":49}},"151":{"start":{"line":241,"column":12},"end":{"line":241,"column":36}},"152":{"start":{"line":248,"column":25},"end":{"line":248,"column":93}},"153":{"start":{"line":248,"column":39},"end":{"line":248,"column":85}},"154":{"start":{"line":249,"column":25},"end":{"line":249,"column":92}},"155":{"start":{"line":249,"column":39},"end":{"line":249,"column":84}},"156":{"start":{"line":251,"column":26},"end":{"line":254,"column":11}},"157":{"start":{"line":252,"column":15},"end":{"line":252,"column":37}},"158":{"start":{"line":253,"column":4},"end":{"line":253,"column":102}},"159":{"start":{"line":256,"column":25},"end":{"line":259,"column":11}},"160":{"start":{"line":257,"column":15},"end":{"line":257,"column":37}},"161":{"start":{"line":258,"column":4},"end":{"line":258,"column":85}},"162":{"start":{"line":261,"column":19},"end":{"line":264,"column":3}},"163":{"start":{"line":262,"column":10},"end":{"line":262,"column":61}},"164":{"start":{"line":265,"column":17},"end":{"line":265,"column":93}},"165":{"start":{"line":265,"column":31},"end":{"line":265,"column":66}},"166":{"start":{"line":268,"column":20},"end":{"line":279,"column":3}},"167":{"start":{"line":269,"column":4},"end":{"line":275,"column":14}},"168":{"start":{"line":270,"column":6},"end":{"line":274,"column":7}},"169":{"start":{"line":271,"column":8},"end":{"line":271,"column":43}},"170":{"start":{"line":272,"column":8},"end":{"line":272,"column":45}},"171":{"start":{"line":273,"column":8},"end":{"line":273,"column":32}},"172":{"start":{"line":276,"column":4},"end":{"line":276,"column":29}},"173":{"start":{"line":277,"column":4},"end":{"line":277,"column":34}},"174":{"start":{"line":278,"column":4},"end":{"line":278,"column":31}},"175":{"start":{"line":281,"column":23},"end":{"line":323,"column":3}},"176":{"start":{"line":282,"column":14},"end":{"line":282,"column":36}},"177":{"start":{"line":283,"column":4},"end":{"line":283,"column":19}},"178":{"start":{"line":283,"column":12},"end":{"line":283,"column":19}},"179":{"start":{"line":285,"column":4},"end":{"line":285,"column":22}},"180":{"start":{"line":287,"column":4},"end":{"line":322,"column":5}},"181":{"start":{"line":288,"column":6},"end":{"line":288,"column":47}},"182":{"start":{"line":289,"column":6},"end":{"line":289,"column":50}},"183":{"start":{"line":291,"column":6},"end":{"line":296,"column":9}},"184":{"start":{"line":298,"column":24},"end":{"line":298,"column":87}},"185":{"start":{"line":300,"column":6},"end":{"line":300,"column":31}},"186":{"start":{"line":301,"column":6},"end":{"line":301,"column":30}},"187":{"start":{"line":303,"column":6},"end":{"line":303,"column":47}},"188":{"start":{"line":304,"column":6},"end":{"line":304,"column":50}},"189":{"start":{"line":306,"column":6},"end":{"line":315,"column":9}},"190":{"start":{"line":307,"column":8},"end":{"line":307,"column":38}},"191":{"start":{"line":307,"column":31},"end":{"line":307,"column":38}},"192":{"start":{"line":308,"column":8},"end":{"line":314,"column":9}},"193":{"start":{"line":309,"column":10},"end":{"line":309,"column":35}},"194":{"start":{"line":310,"column":10},"end":{"line":310,"column":44}},"195":{"start":{"line":311,"column":10},"end":{"line":311,"column":41}},"196":{"start":{"line":312,"column":10},"end":{"line":312,"column":46}},"197":{"start":{"line":313,"column":10},"end":{"line":313,"column":66}},"198":{"start":{"line":313,"column":42},"end":{"line":313,"column":66}},"199":{"start":{"line":317,"column":6},"end":{"line":317,"column":31}},"200":{"start":{"line":318,"column":6},"end":{"line":318,"column":60}},"201":{"start":{"line":319,"column":6},"end":{"line":319,"column":44}},"202":{"start":{"line":320,"column":6},"end":{"line":320,"column":47}},"203":{"start":{"line":321,"column":6},"end":{"line":321,"column":83}},"204":{"start":{"line":326,"column":4},"end":{"line":326,"column":68}},"205":{"start":{"line":326,"column":35},"end":{"line":326,"column":68}},"206":{"start":{"line":328,"column":4},"end":{"line":330,"column":5}},"207":{"start":{"line":329,"column":6},"end":{"line":329,"column":77}},"208":{"start":{"line":332,"column":4},"end":{"line":332,"column":62}},"209":{"start":{"line":332,"column":33},"end":{"line":332,"column":59}},"210":{"start":{"line":333,"column":4},"end":{"line":333,"column":58}},"211":{"start":{"line":334,"column":4},"end":{"line":334,"column":61}},"212":{"start":{"line":336,"column":4},"end":{"line":361,"column":5}},"213":{"start":{"line":337,"column":18},"end":{"line":341,"column":8}},"214":{"start":{"line":343,"column":18},"end":{"line":343,"column":34}},"215":{"start":{"line":344,"column":17},"end":{"line":344,"column":21}},"216":{"start":{"line":345,"column":6},"end":{"line":347,"column":16}},"217":{"start":{"line":346,"column":8},"end":{"line":346,"column":31}},"218":{"start":{"line":349,"column":6},"end":{"line":349,"column":94}},"219":{"start":{"line":349,"column":19},"end":{"line":349,"column":94}},"220":{"start":{"line":350,"column":6},"end":{"line":350,"column":91}},"221":{"start":{"line":350,"column":26},"end":{"line":350,"column":91}},"222":{"start":{"line":352,"column":18},"end":{"line":352,"column":42}},"223":{"start":{"line":353,"column":6},"end":{"line":353,"column":87}},"224":{"start":{"line":353,"column":16},"end":{"line":353,"column":87}},"225":{"start":{"line":355,"column":6},"end":{"line":355,"column":61}},"226":{"start":{"line":355,"column":33},"end":{"line":355,"column":58}},"227":{"start":{"line":356,"column":6},"end":{"line":356,"column":55}},"228":{"start":{"line":357,"column":6},"end":{"line":357,"column":58}},"229":{"start":{"line":358,"column":6},"end":{"line":358,"column":17}},"230":{"start":{"line":360,"column":6},"end":{"line":360,"column":65}},"231":{"start":{"line":360,"column":35},"end":{"line":360,"column":62}},"232":{"start":{"line":364,"column":28},"end":{"line":392,"column":3}},"233":{"start":{"line":365,"column":18},"end":{"line":365,"column":20}},"234":{"start":{"line":366,"column":19},"end":{"line":366,"column":21}},"235":{"start":{"line":368,"column":18},"end":{"line":387,"column":6}},"236":{"start":{"line":369,"column":22},"end":{"line":369,"column":50}},"237":{"start":{"line":371,"column":6},"end":{"line":375,"column":7}},"238":{"start":{"line":373,"column":22},"end":{"line":373,"column":47}},"239":{"start":{"line":374,"column":8},"end":{"line":374,"column":59}},"240":{"start":{"line":377,"column":21},"end":{"line":377,"column":41}},"241":{"start":{"line":378,"column":6},"end":{"line":381,"column":7}},"242":{"start":{"line":379,"column":8},"end":{"line":379,"column":88}},"243":{"start":{"line":379,"column":46},"end":{"line":379,"column":88}},"244":{"start":{"line":380,"column":8},"end":{"line":380,"column":27}},"245":{"start":{"line":382,"column":6},"end":{"line":385,"column":7}},"246":{"start":{"line":383,"column":8},"end":{"line":383,"column":93}},"247":{"start":{"line":383,"column":49},"end":{"line":383,"column":93}},"248":{"start":{"line":384,"column":8},"end":{"line":384,"column":29}},"249":{"start":{"line":386,"column":6},"end":{"line":386,"column":53}},"250":{"start":{"line":389,"column":14},"end":{"line":389,"column":29}},"251":{"start":{"line":390,"column":4},"end":{"line":390,"column":46}},"252":{"start":{"line":390,"column":17},"end":{"line":390,"column":46}},"253":{"start":{"line":391,"column":4},"end":{"line":391,"column":15}},"254":{"start":{"line":394,"column":22},"end":{"line":407,"column":3}},"255":{"start":{"line":395,"column":4},"end":{"line":406,"column":7}},"256":{"start":{"line":396,"column":19},"end":{"line":396,"column":32}},"257":{"start":{"line":397,"column":23},"end":{"line":397,"column":37}},"258":{"start":{"line":398,"column":6},"end":{"line":399,"column":28}},"259":{"start":{"line":398,"column":20},"end":{"line":398,"column":34}},"260":{"start":{"line":399,"column":11},"end":{"line":399,"column":28}},"261":{"start":{"line":402,"column":6},"end":{"line":402,"column":75}},"262":{"start":{"line":403,"column":6},"end":{"line":403,"column":72}},"263":{"start":{"line":405,"column":6},"end":{"line":405,"column":18}},"264":{"start":{"line":409,"column":2},"end":{"line":418,"column":3}},"265":{"start":{"line":410,"column":4},"end":{"line":417,"column":6}},"266":{"start":{"line":420,"column":2},"end":{"line":607,"column":4}},"267":{"start":{"line":430,"column":27},"end":{"line":430,"column":49}},"268":{"start":{"line":442,"column":27},"end":{"line":442,"column":72}},"269":{"start":{"line":477,"column":14},"end":{"line":479,"column":21}},"270":{"start":{"line":505,"column":12},"end":{"line":505,"column":98}},"271":{"start":{"line":507,"column":23},"end":{"line":507,"column":48}},"272":{"start":{"line":508,"column":27},"end":{"line":508,"column":47}},"273":{"start":{"line":509,"column":28},"end":{"line":509,"column":54}},"274":{"start":{"line":511,"column":26},"end":{"line":517,"column":14}},"275":{"start":{"line":512,"column":26},"end":{"line":512,"column":35}},"276":{"start":{"line":513,"column":25},"end":{"line":513,"column":27}},"277":{"start":{"line":514,"column":12},"end":{"line":514,"column":65}},"278":{"start":{"line":514,"column":31},"end":{"line":514,"column":65}},"279":{"start":{"line":515,"column":12},"end":{"line":515,"column":68}},"280":{"start":{"line":515,"column":32},"end":{"line":515,"column":68}},"281":{"start":{"line":516,"column":12},"end":{"line":516,"column":36}},"282":{"start":{"line":519,"column":10},"end":{"line":601,"column":12}},"283":{"start":{"line":523,"column":31},"end":{"line":523,"column":56}},"284":{"start":{"line":545,"column":20},"end":{"line":545,"column":50}},"285":{"start":{"line":546,"column":20},"end":{"line":546,"column":81}},"286":{"start":{"line":562,"column":20},"end":{"line":575,"column":21}},"287":{"start":{"line":563,"column":34},"end":{"line":568,"column":24}},"288":{"start":{"line":569,"column":22},"end":{"line":569,"column":53}},"289":{"start":{"line":571,"column":22},"end":{"line":571,"column":75}},"290":{"start":{"line":572,"column":34},"end":{"line":572,"column":86}},"291":{"start":{"line":573,"column":22},"end":{"line":573,"column":84}},"292":{"start":{"line":574,"column":22},"end":{"line":574,"column":108}},"293":{"start":{"line":610,"column":15},"end":{"line":653,"column":2}}},"fnMap":{"0":{"name":"safeString","decl":{"start":{"line":14,"column":9},"end":{"line":14,"column":19}},"loc":{"start":{"line":14,"column":23},"end":{"line":17,"column":1}},"line":14},"1":{"name":"announce","decl":{"start":{"line":19,"column":15},"end":{"line":19,"column":23}},"loc":{"start":{"line":19,"column":33},"end":{"line":25,"column":1}},"line":19},"2":{"name":"speakText","decl":{"start":{"line":27,"column":9},"end":{"line":27,"column":18}},"loc":{"start":{"line":27,"column":66},"end":{"line":32,"column":1}},"line":27},"3":{"name":"(anonymous_3)","decl":{"start":{"line":31,"column":45},"end":{"line":31,"column":46}},"loc":{"start":{"line":31,"column":51},"end":{"line":31,"column":53}},"line":31},"4":{"name":"applyNatoToSpeech","decl":{"start":{"line":34,"column":9},"end":{"line":34,"column":26}},"loc":{"start":{"line":34,"column":33},"end":{"line":50,"column":1}},"line":34},"5":{"name":"(anonymous_5)","decl":{"start":{"line":45,"column":62},"end":{"line":45,"column":63}},"loc":{"start":{"line":45,"column":86},"end":{"line":49,"column":3}},"line":45},"6":{"name":"extractNotesOnly","decl":{"start":{"line":53,"column":9},"end":{"line":53,"column":25}},"loc":{"start":{"line":53,"column":35},"end":{"line":71,"column":1}},"line":53},"7":{"name":"isKnownValue","decl":{"start":{"line":73,"column":9},"end":{"line":73,"column":21}},"loc":{"start":{"line":73,"column":25},"end":{"line":78,"column":1}},"line":73},"8":{"name":"flattenBeatTextForBar","decl":{"start":{"line":80,"column":9},"end":{"line":80,"column":30}},"loc":{"start":{"line":80,"column":39},"end":{"line":90,"column":1}},"line":80},"9":{"name":"(anonymous_9)","decl":{"start":{"line":83,"column":9},"end":{"line":83,"column":10}},"loc":{"start":{"line":83,"column":16},"end":{"line":87,"column":5}},"line":83},"10":{"name":"(anonymous_10)","decl":{"start":{"line":88,"column":12},"end":{"line":88,"column":13}},"loc":{"start":{"line":88,"column":19},"end":{"line":88,"column":51}},"line":88},"11":{"name":"extractTimeSignature","decl":{"start":{"line":92,"column":9},"end":{"line":92,"column":29}},"loc":{"start":{"line":92,"column":46},"end":{"line":99,"column":1}},"line":92},"12":{"name":"(anonymous_12)","decl":{"start":{"line":93,"column":44},"end":{"line":93,"column":45}},"loc":{"start":{"line":93,"column":51},"end":{"line":93,"column":64}},"line":93},"13":{"name":"extractKeySignature","decl":{"start":{"line":101,"column":9},"end":{"line":101,"column":28}},"loc":{"start":{"line":101,"column":45},"end":{"line":110,"column":1}},"line":101},"14":{"name":"(anonymous_14)","decl":{"start":{"line":102,"column":44},"end":{"line":102,"column":45}},"loc":{"start":{"line":102,"column":51},"end":{"line":102,"column":64}},"line":102},"15":{"name":"renderBasicInformation","decl":{"start":{"line":112,"column":9},"end":{"line":112,"column":31}},"loc":{"start":{"line":112,"column":36},"end":{"line":130,"column":1}},"line":112},"16":{"name":"buildFlatBars","decl":{"start":{"line":132,"column":9},"end":{"line":132,"column":22}},"loc":{"start":{"line":132,"column":55},"end":{"line":181,"column":1}},"line":132},"17":{"name":"(anonymous_17)","decl":{"start":{"line":169,"column":11},"end":{"line":169,"column":12}},"loc":{"start":{"line":169,"column":21},"end":{"line":178,"column":3}},"line":169},"18":{"name":"buildGroups","decl":{"start":{"line":183,"column":9},"end":{"line":183,"column":20}},"loc":{"start":{"line":183,"column":42},"end":{"line":206,"column":1}},"line":183},"19":{"name":"ResultScreen","decl":{"start":{"line":208,"column":24},"end":{"line":208,"column":36}},"loc":{"start":{"line":208,"column":60},"end":{"line":608,"column":1}},"line":208},"20":{"name":"(anonymous_20)","decl":{"start":{"line":221,"column":55},"end":{"line":221,"column":56}},"loc":{"start":{"line":221,"column":61},"end":{"line":221,"column":70}},"line":221},"21":{"name":"(anonymous_21)","decl":{"start":{"line":222,"column":57},"end":{"line":222,"column":58}},"loc":{"start":{"line":222,"column":64},"end":{"line":222,"column":66}},"line":222},"22":{"name":"(anonymous_22)","decl":{"start":{"line":223,"column":61},"end":{"line":223,"column":62}},"loc":{"start":{"line":223,"column":68},"end":{"line":223,"column":70}},"line":223},"23":{"name":"(anonymous_23)","decl":{"start":{"line":230,"column":12},"end":{"line":230,"column":13}},"loc":{"start":{"line":230,"column":18},"end":{"line":232,"column":3}},"line":230},"24":{"name":"(anonymous_24)","decl":{"start":{"line":234,"column":12},"end":{"line":234,"column":13}},"loc":{"start":{"line":234,"column":18},"end":{"line":246,"column":3}},"line":234},"25":{"name":"(anonymous_25)","decl":{"start":{"line":235,"column":11},"end":{"line":235,"column":12}},"loc":{"start":{"line":235,"column":17},"end":{"line":245,"column":5}},"line":235},"26":{"name":"(anonymous_26)","decl":{"start":{"line":237,"column":7},"end":{"line":237,"column":8}},"loc":{"start":{"line":237,"column":19},"end":{"line":244,"column":7}},"line":237},"27":{"name":"(anonymous_27)","decl":{"start":{"line":248,"column":33},"end":{"line":248,"column":34}},"loc":{"start":{"line":248,"column":39},"end":{"line":248,"column":85}},"line":248},"28":{"name":"(anonymous_28)","decl":{"start":{"line":249,"column":33},"end":{"line":249,"column":34}},"loc":{"start":{"line":249,"column":39},"end":{"line":249,"column":84}},"line":249},"29":{"name":"(anonymous_29)","decl":{"start":{"line":251,"column":34},"end":{"line":251,"column":35}},"loc":{"start":{"line":251,"column":40},"end":{"line":254,"column":3}},"line":251},"30":{"name":"(anonymous_30)","decl":{"start":{"line":256,"column":33},"end":{"line":256,"column":34}},"loc":{"start":{"line":256,"column":39},"end":{"line":259,"column":3}},"line":256},"31":{"name":"(anonymous_31)","decl":{"start":{"line":262,"column":4},"end":{"line":262,"column":5}},"loc":{"start":{"line":262,"column":10},"end":{"line":262,"column":61}},"line":262},"32":{"name":"(anonymous_32)","decl":{"start":{"line":265,"column":25},"end":{"line":265,"column":26}},"loc":{"start":{"line":265,"column":31},"end":{"line":265,"column":66}},"line":265},"33":{"name":"(anonymous_33)","decl":{"start":{"line":268,"column":20},"end":{"line":268,"column":21}},"loc":{"start":{"line":268,"column":32},"end":{"line":279,"column":3}},"line":268},"34":{"name":"(anonymous_34)","decl":{"start":{"line":281,"column":23},"end":{"line":281,"column":24}},"loc":{"start":{"line":281,"column":63},"end":{"line":323,"column":3}},"line":281},"35":{"name":"(anonymous_35)","decl":{"start":{"line":306,"column":38},"end":{"line":306,"column":39}},"loc":{"start":{"line":306,"column":50},"end":{"line":315,"column":7}},"line":306},"36":{"name":"(anonymous_36)","decl":{"start":{"line":312,"column":36},"end":{"line":312,"column":37}},"loc":{"start":{"line":312,"column":42},"end":{"line":312,"column":44}},"line":312},"37":{"name":"ensureGroupAudio","decl":{"start":{"line":325,"column":17},"end":{"line":325,"column":33}},"loc":{"start":{"line":325,"column":81},"end":{"line":362,"column":3}},"line":325},"38":{"name":"(anonymous_38)","decl":{"start":{"line":332,"column":25},"end":{"line":332,"column":26}},"loc":{"start":{"line":332,"column":33},"end":{"line":332,"column":59}},"line":332},"39":{"name":"(anonymous_39)","decl":{"start":{"line":355,"column":25},"end":{"line":355,"column":26}},"loc":{"start":{"line":355,"column":33},"end":{"line":355,"column":58}},"line":355},"40":{"name":"(anonymous_40)","decl":{"start":{"line":360,"column":27},"end":{"line":360,"column":28}},"loc":{"start":{"line":360,"column":35},"end":{"line":360,"column":62}},"line":360},"41":{"name":"(anonymous_41)","decl":{"start":{"line":364,"column":28},"end":{"line":364,"column":29}},"loc":{"start":{"line":364,"column":35},"end":{"line":392,"column":3}},"line":364},"42":{"name":"(anonymous_42)","decl":{"start":{"line":368,"column":29},"end":{"line":368,"column":30}},"loc":{"start":{"line":368,"column":36},"end":{"line":387,"column":5}},"line":368},"43":{"name":"(anonymous_43)","decl":{"start":{"line":394,"column":22},"end":{"line":394,"column":23}},"loc":{"start":{"line":394,"column":44},"end":{"line":407,"column":3}},"line":394},"44":{"name":"(anonymous_44)","decl":{"start":{"line":395,"column":22},"end":{"line":395,"column":23}},"loc":{"start":{"line":395,"column":32},"end":{"line":406,"column":5}},"line":395},"45":{"name":"(anonymous_45)","decl":{"start":{"line":430,"column":21},"end":{"line":430,"column":22}},"loc":{"start":{"line":430,"column":27},"end":{"line":430,"column":49}},"line":430},"46":{"name":"(anonymous_46)","decl":{"start":{"line":442,"column":21},"end":{"line":442,"column":22}},"loc":{"start":{"line":442,"column":27},"end":{"line":442,"column":72}},"line":442},"47":{"name":"(anonymous_47)","decl":{"start":{"line":476,"column":32},"end":{"line":476,"column":33}},"loc":{"start":{"line":477,"column":14},"end":{"line":479,"column":21}},"line":477},"48":{"name":"(anonymous_48)","decl":{"start":{"line":503,"column":20},"end":{"line":503,"column":21}},"loc":{"start":{"line":503,"column":27},"end":{"line":602,"column":9}},"line":503},"49":{"name":"(anonymous_49)","decl":{"start":{"line":511,"column":27},"end":{"line":511,"column":28}},"loc":{"start":{"line":511,"column":33},"end":{"line":517,"column":11}},"line":511},"50":{"name":"(anonymous_50)","decl":{"start":{"line":523,"column":25},"end":{"line":523,"column":26}},"loc":{"start":{"line":523,"column":31},"end":{"line":523,"column":56}},"line":523},"51":{"name":"(anonymous_51)","decl":{"start":{"line":544,"column":27},"end":{"line":544,"column":28}},"loc":{"start":{"line":544,"column":33},"end":{"line":547,"column":19}},"line":544},"52":{"name":"(anonymous_52)","decl":{"start":{"line":561,"column":27},"end":{"line":561,"column":28}},"loc":{"start":{"line":561,"column":39},"end":{"line":576,"column":19}},"line":561}},"branchMap":{"0":{"loc":{"start":{"line":15,"column":2},"end":{"line":15,"column":47}},"type":"if","locations":[{"start":{"line":15,"column":2},"end":{"line":15,"column":47}},{"start":{},"end":{}}],"line":15},"1":{"loc":{"start":{"line":15,"column":6},"end":{"line":15,"column":35}},"type":"binary-expr","locations":[{"start":{"line":15,"column":6},"end":{"line":15,"column":16}},{"start":{"line":15,"column":20},"end":{"line":15,"column":35}}],"line":15},"2":{"loc":{"start":{"line":27,"column":25},"end":{"line":27,"column":64}},"type":"default-arg","locations":[{"start":{"line":27,"column":62},"end":{"line":27,"column":64}}],"line":27},"3":{"loc":{"start":{"line":27,"column":27},"end":{"line":27,"column":45}},"type":"default-arg","locations":[{"start":{"line":27,"column":38},"end":{"line":27,"column":45}}],"line":27},"4":{"loc":{"start":{"line":27,"column":47},"end":{"line":27,"column":57}},"type":"default-arg","locations":[{"start":{"line":27,"column":54},"end":{"line":27,"column":57}}],"line":27},"5":{"loc":{"start":{"line":30,"column":2},"end":{"line":30,"column":17}},"type":"if","locations":[{"start":{"line":30,"column":2},"end":{"line":30,"column":17}},{"start":{},"end":{}}],"line":30},"6":{"loc":{"start":{"line":46,"column":17},"end":{"line":46,"column":39}},"type":"binary-expr","locations":[{"start":{"line":46,"column":17},"end":{"line":46,"column":29}},{"start":{"line":46,"column":33},"end":{"line":46,"column":39}}],"line":46},"7":{"loc":{"start":{"line":47,"column":23},"end":{"line":47,"column":83}},"type":"cond-expr","locations":[{"start":{"line":47,"column":30},"end":{"line":47,"column":77}},{"start":{"line":47,"column":81},"end":{"line":47,"column":83}}],"line":47},"8":{"loc":{"start":{"line":47,"column":30},"end":{"line":47,"column":77}},"type":"cond-expr","locations":[{"start":{"line":47,"column":59},"end":{"line":47,"column":67}},{"start":{"line":47,"column":70},"end":{"line":47,"column":77}}],"line":47},"9":{"loc":{"start":{"line":47,"column":30},"end":{"line":47,"column":56}},"type":"binary-expr","locations":[{"start":{"line":47,"column":30},"end":{"line":47,"column":41}},{"start":{"line":47,"column":45},"end":{"line":47,"column":56}}],"line":47},"10":{"loc":{"start":{"line":66,"column":4},"end":{"line":68,"column":5}},"type":"if","locations":[{"start":{"line":66,"column":4},"end":{"line":68,"column":5}},{"start":{},"end":{}}],"line":66},"11":{"loc":{"start":{"line":75,"column":2},"end":{"line":75,"column":23}},"type":"if","locations":[{"start":{"line":75,"column":2},"end":{"line":75,"column":23}},{"start":{},"end":{}}],"line":75},"12":{"loc":{"start":{"line":76,"column":2},"end":{"line":76,"column":39}},"type":"if","locations":[{"start":{"line":76,"column":2},"end":{"line":76,"column":39}},{"start":{},"end":{}}],"line":76},"13":{"loc":{"start":{"line":81,"column":16},"end":{"line":81,"column":35}},"type":"binary-expr","locations":[{"start":{"line":81,"column":16},"end":{"line":81,"column":29}},{"start":{"line":81,"column":33},"end":{"line":81,"column":35}}],"line":81},"14":{"loc":{"start":{"line":88,"column":19},"end":{"line":88,"column":51}},"type":"binary-expr","locations":[{"start":{"line":88,"column":19},"end":{"line":88,"column":20}},{"start":{"line":88,"column":24},"end":{"line":88,"column":51}}],"line":88},"15":{"loc":{"start":{"line":93,"column":18},"end":{"line":93,"column":38}},"type":"binary-expr","locations":[{"start":{"line":93,"column":18},"end":{"line":93,"column":32}},{"start":{"line":93,"column":36},"end":{"line":93,"column":38}}],"line":93},"16":{"loc":{"start":{"line":95,"column":2},"end":{"line":95,"column":45}},"type":"if","locations":[{"start":{"line":95,"column":2},"end":{"line":95,"column":45}},{"start":{},"end":{}}],"line":95},"17":{"loc":{"start":{"line":97,"column":2},"end":{"line":97,"column":47}},"type":"if","locations":[{"start":{"line":97,"column":2},"end":{"line":97,"column":47}},{"start":{},"end":{}}],"line":97},"18":{"loc":{"start":{"line":102,"column":18},"end":{"line":102,"column":38}},"type":"binary-expr","locations":[{"start":{"line":102,"column":18},"end":{"line":102,"column":32}},{"start":{"line":102,"column":36},"end":{"line":102,"column":38}}],"line":102},"19":{"loc":{"start":{"line":104,"column":2},"end":{"line":104,"column":35}},"type":"if","locations":[{"start":{"line":104,"column":2},"end":{"line":104,"column":35}},{"start":{},"end":{}}],"line":104},"20":{"loc":{"start":{"line":106,"column":2},"end":{"line":106,"column":35}},"type":"if","locations":[{"start":{"line":106,"column":2},"end":{"line":106,"column":35}},{"start":{},"end":{}}],"line":106},"21":{"loc":{"start":{"line":108,"column":2},"end":{"line":108,"column":35}},"type":"if","locations":[{"start":{"line":108,"column":2},"end":{"line":108,"column":35}},{"start":{},"end":{}}],"line":108},"22":{"loc":{"start":{"line":113,"column":16},"end":{"line":113,"column":44}},"type":"binary-expr","locations":[{"start":{"line":113,"column":16},"end":{"line":113,"column":25}},{"start":{"line":113,"column":29},"end":{"line":113,"column":38}},{"start":{"line":113,"column":42},"end":{"line":113,"column":44}}],"line":113},"23":{"loc":{"start":{"line":114,"column":19},"end":{"line":114,"column":53}},"type":"binary-expr","locations":[{"start":{"line":114,"column":19},"end":{"line":114,"column":31}},{"start":{"line":114,"column":35},"end":{"line":114,"column":47}},{"start":{"line":114,"column":51},"end":{"line":114,"column":53}}],"line":114},"24":{"loc":{"start":{"line":115,"column":18},"end":{"line":115,"column":89}},"type":"binary-expr","locations":[{"start":{"line":115,"column":18},"end":{"line":115,"column":36}},{"start":{"line":115,"column":40},"end":{"line":115,"column":57}},{"start":{"line":115,"column":61},"end":{"line":115,"column":83}},{"start":{"line":115,"column":87},"end":{"line":115,"column":89}}],"line":115},"25":{"loc":{"start":{"line":116,"column":17},"end":{"line":116,"column":71}},"type":"binary-expr","locations":[{"start":{"line":116,"column":17},"end":{"line":116,"column":34}},{"start":{"line":116,"column":38},"end":{"line":116,"column":54}},{"start":{"line":116,"column":58},"end":{"line":116,"column":65}},{"start":{"line":116,"column":69},"end":{"line":116,"column":71}}],"line":116},"26":{"loc":{"start":{"line":117,"column":16},"end":{"line":117,"column":44}},"type":"binary-expr","locations":[{"start":{"line":117,"column":16},"end":{"line":117,"column":25}},{"start":{"line":117,"column":29},"end":{"line":117,"column":38}},{"start":{"line":117,"column":42},"end":{"line":117,"column":44}}],"line":117},"27":{"loc":{"start":{"line":120,"column":2},"end":{"line":120,"column":43}},"type":"if","locations":[{"start":{"line":120,"column":2},"end":{"line":120,"column":43}},{"start":{},"end":{}}],"line":120},"28":{"loc":{"start":{"line":121,"column":2},"end":{"line":121,"column":52}},"type":"if","locations":[{"start":{"line":121,"column":2},"end":{"line":121,"column":52}},{"start":{},"end":{}}],"line":121},"29":{"loc":{"start":{"line":122,"column":2},"end":{"line":122,"column":56}},"type":"if","locations":[{"start":{"line":122,"column":2},"end":{"line":122,"column":56}},{"start":{},"end":{}}],"line":122},"30":{"loc":{"start":{"line":123,"column":2},"end":{"line":123,"column":43}},"type":"if","locations":[{"start":{"line":123,"column":2},"end":{"line":123,"column":43}},{"start":{},"end":{}}],"line":123},"31":{"loc":{"start":{"line":124,"column":2},"end":{"line":124,"column":43}},"type":"if","locations":[{"start":{"line":124,"column":2},"end":{"line":124,"column":43}},{"start":{},"end":{}}],"line":124},"32":{"loc":{"start":{"line":126,"column":2},"end":{"line":128,"column":3}},"type":"if","locations":[{"start":{"line":126,"column":2},"end":{"line":128,"column":3}},{"start":{},"end":{}}],"line":126},"33":{"loc":{"start":{"line":126,"column":6},"end":{"line":126,"column":56}},"type":"binary-expr","locations":[{"start":{"line":126,"column":6},"end":{"line":126,"column":24}},{"start":{"line":126,"column":28},"end":{"line":126,"column":30}},{"start":{"line":126,"column":34},"end":{"line":126,"column":56}}],"line":126},"34":{"loc":{"start":{"line":135,"column":20},"end":{"line":135,"column":45}},"type":"binary-expr","locations":[{"start":{"line":135,"column":20},"end":{"line":135,"column":39}},{"start":{"line":135,"column":43},"end":{"line":135,"column":45}}],"line":135},"35":{"loc":{"start":{"line":139,"column":23},"end":{"line":139,"column":45}},"type":"binary-expr","locations":[{"start":{"line":139,"column":23},"end":{"line":139,"column":39}},{"start":{"line":139,"column":43},"end":{"line":139,"column":45}}],"line":139},"36":{"loc":{"start":{"line":140,"column":25},"end":{"line":140,"column":42}},"type":"binary-expr","locations":[{"start":{"line":140,"column":25},"end":{"line":140,"column":36}},{"start":{"line":140,"column":40},"end":{"line":140,"column":42}}],"line":140},"37":{"loc":{"start":{"line":141,"column":29},"end":{"line":141,"column":45}},"type":"binary-expr","locations":[{"start":{"line":141,"column":29},"end":{"line":141,"column":39}},{"start":{"line":141,"column":43},"end":{"line":141,"column":45}}],"line":141},"38":{"loc":{"start":{"line":143,"column":10},"end":{"line":143,"column":64}},"type":"if","locations":[{"start":{"line":143,"column":10},"end":{"line":143,"column":64}},{"start":{},"end":{}}],"line":143},"39":{"loc":{"start":{"line":143,"column":14},"end":{"line":143,"column":53}},"type":"binary-expr","locations":[{"start":{"line":143,"column":14},"end":{"line":143,"column":34}},{"start":{"line":143,"column":38},"end":{"line":143,"column":53}}],"line":143},"40":{"loc":{"start":{"line":147,"column":24},"end":{"line":147,"column":83}},"type":"binary-expr","locations":[{"start":{"line":147,"column":24},"end":{"line":147,"column":67}},{"start":{"line":147,"column":71},"end":{"line":147,"column":83}}],"line":147},"41":{"loc":{"start":{"line":148,"column":24},"end":{"line":148,"column":81}},"type":"binary-expr","locations":[{"start":{"line":148,"column":24},"end":{"line":148,"column":66}},{"start":{"line":148,"column":70},"end":{"line":148,"column":81}}],"line":148},"42":{"loc":{"start":{"line":150,"column":26},"end":{"line":150,"column":77}},"type":"cond-expr","locations":[{"start":{"line":150,"column":48},"end":{"line":150,"column":72}},{"start":{"line":150,"column":75},"end":{"line":150,"column":77}}],"line":150},"43":{"loc":{"start":{"line":151,"column":25},"end":{"line":151,"column":76}},"type":"cond-expr","locations":[{"start":{"line":151,"column":47},"end":{"line":151,"column":71}},{"start":{"line":151,"column":74},"end":{"line":151,"column":76}}],"line":151},"44":{"loc":{"start":{"line":156,"column":10},"end":{"line":162,"column":11}},"type":"if","locations":[{"start":{"line":156,"column":10},"end":{"line":162,"column":11}},{"start":{"line":158,"column":17},"end":{"line":162,"column":11}}],"line":156},"45":{"loc":{"start":{"line":159,"column":12},"end":{"line":159,"column":73}},"type":"if","locations":[{"start":{"line":159,"column":12},"end":{"line":159,"column":73}},{"start":{},"end":{}}],"line":159},"46":{"loc":{"start":{"line":159,"column":16},"end":{"line":159,"column":44}},"type":"binary-expr","locations":[{"start":{"line":159,"column":16},"end":{"line":159,"column":33}},{"start":{"line":159,"column":37},"end":{"line":159,"column":44}}],"line":159},"47":{"loc":{"start":{"line":160,"column":12},"end":{"line":160,"column":69}},"type":"if","locations":[{"start":{"line":160,"column":12},"end":{"line":160,"column":69}},{"start":{},"end":{}}],"line":160},"48":{"loc":{"start":{"line":160,"column":16},"end":{"line":160,"column":42}},"type":"binary-expr","locations":[{"start":{"line":160,"column":16},"end":{"line":160,"column":32}},{"start":{"line":160,"column":36},"end":{"line":160,"column":42}}],"line":160},"49":{"loc":{"start":{"line":161,"column":12},"end":{"line":161,"column":101}},"type":"if","locations":[{"start":{"line":161,"column":12},"end":{"line":161,"column":101}},{"start":{},"end":{}}],"line":161},"50":{"loc":{"start":{"line":161,"column":17},"end":{"line":161,"column":30}},"type":"binary-expr","locations":[{"start":{"line":161,"column":17},"end":{"line":161,"column":24}},{"start":{"line":161,"column":28},"end":{"line":161,"column":30}}],"line":161},"51":{"loc":{"start":{"line":161,"column":42},"end":{"line":161,"column":64}},"type":"binary-expr","locations":[{"start":{"line":161,"column":42},"end":{"line":161,"column":58}},{"start":{"line":161,"column":62},"end":{"line":161,"column":64}}],"line":161},"52":{"loc":{"start":{"line":170,"column":15},"end":{"line":170,"column":59}},"type":"cond-expr","locations":[{"start":{"line":170,"column":45},"end":{"line":170,"column":55}},{"start":{"line":170,"column":58},"end":{"line":170,"column":59}}],"line":170},"53":{"loc":{"start":{"line":171,"column":15},"end":{"line":171,"column":59}},"type":"cond-expr","locations":[{"start":{"line":171,"column":45},"end":{"line":171,"column":55}},{"start":{"line":171,"column":58},"end":{"line":171,"column":59}}],"line":171},"54":{"loc":{"start":{"line":172,"column":4},"end":{"line":172,"column":34}},"type":"if","locations":[{"start":{"line":172,"column":4},"end":{"line":172,"column":34}},{"start":{},"end":{}}],"line":172},"55":{"loc":{"start":{"line":176,"column":4},"end":{"line":176,"column":67}},"type":"if","locations":[{"start":{"line":176,"column":4},"end":{"line":176,"column":67}},{"start":{},"end":{}}],"line":176},"56":{"loc":{"start":{"line":176,"column":8},"end":{"line":176,"column":50}},"type":"binary-expr","locations":[{"start":{"line":176,"column":8},"end":{"line":176,"column":27}},{"start":{"line":176,"column":31},"end":{"line":176,"column":50}}],"line":176},"57":{"loc":{"start":{"line":184,"column":24},"end":{"line":184,"column":46}},"type":"binary-expr","locations":[{"start":{"line":184,"column":24},"end":{"line":184,"column":41}},{"start":{"line":184,"column":45},"end":{"line":184,"column":46}}],"line":184},"58":{"loc":{"start":{"line":190,"column":4},"end":{"line":190,"column":32}},"type":"if","locations":[{"start":{"line":190,"column":4},"end":{"line":190,"column":32}},{"start":{},"end":{}}],"line":190},"59":{"loc":{"start":{"line":212,"column":19},"end":{"line":212,"column":48}},"type":"binary-expr","locations":[{"start":{"line":212,"column":19},"end":{"line":212,"column":42}},{"start":{"line":212,"column":46},"end":{"line":212,"column":48}}],"line":212},"60":{"loc":{"start":{"line":213,"column":35},"end":{"line":213,"column":69}},"type":"binary-expr","locations":[{"start":{"line":213,"column":35},"end":{"line":213,"column":63}},{"start":{"line":213,"column":67},"end":{"line":213,"column":69}}],"line":213},"61":{"loc":{"start":{"line":215,"column":21},"end":{"line":215,"column":48}},"type":"binary-expr","locations":[{"start":{"line":215,"column":21},"end":{"line":215,"column":41}},{"start":{"line":215,"column":45},"end":{"line":215,"column":48}}],"line":215},"62":{"loc":{"start":{"line":216,"column":42},"end":{"line":216,"column":69}},"type":"binary-expr","locations":[{"start":{"line":216,"column":42},"end":{"line":216,"column":64}},{"start":{"line":216,"column":68},"end":{"line":216,"column":69}}],"line":216},"63":{"loc":{"start":{"line":219,"column":32},"end":{"line":219,"column":63}},"type":"binary-expr","locations":[{"start":{"line":219,"column":32},"end":{"line":219,"column":52}},{"start":{"line":219,"column":56},"end":{"line":219,"column":63}}],"line":219},"64":{"loc":{"start":{"line":239,"column":10},"end":{"line":242,"column":11}},"type":"if","locations":[{"start":{"line":239,"column":10},"end":{"line":242,"column":11}},{"start":{},"end":{}}],"line":239},"65":{"loc":{"start":{"line":249,"column":50},"end":{"line":249,"column":76}},"type":"binary-expr","locations":[{"start":{"line":249,"column":50},"end":{"line":249,"column":70}},{"start":{"line":249,"column":74},"end":{"line":249,"column":76}}],"line":249},"66":{"loc":{"start":{"line":253,"column":22},"end":{"line":253,"column":93}},"type":"binary-expr","locations":[{"start":{"line":253,"column":22},"end":{"line":253,"column":40}},{"start":{"line":253,"column":44},"end":{"line":253,"column":61}},{"start":{"line":253,"column":65},"end":{"line":253,"column":87}},{"start":{"line":253,"column":91},"end":{"line":253,"column":93}}],"line":253},"67":{"loc":{"start":{"line":258,"column":22},"end":{"line":258,"column":76}},"type":"binary-expr","locations":[{"start":{"line":258,"column":22},"end":{"line":258,"column":39}},{"start":{"line":258,"column":43},"end":{"line":258,"column":59}},{"start":{"line":258,"column":63},"end":{"line":258,"column":70}},{"start":{"line":258,"column":74},"end":{"line":258,"column":76}}],"line":258},"68":{"loc":{"start":{"line":270,"column":6},"end":{"line":274,"column":7}},"type":"if","locations":[{"start":{"line":270,"column":6},"end":{"line":274,"column":7}},{"start":{},"end":{}}],"line":270},"69":{"loc":{"start":{"line":281,"column":35},"end":{"line":281,"column":58}},"type":"default-arg","locations":[{"start":{"line":281,"column":51},"end":{"line":281,"column":58}}],"line":281},"70":{"loc":{"start":{"line":283,"column":4},"end":{"line":283,"column":19}},"type":"if","locations":[{"start":{"line":283,"column":4},"end":{"line":283,"column":19}},{"start":{},"end":{}}],"line":283},"71":{"loc":{"start":{"line":307,"column":8},"end":{"line":307,"column":38}},"type":"if","locations":[{"start":{"line":307,"column":8},"end":{"line":307,"column":38}},{"start":{},"end":{}}],"line":307},"72":{"loc":{"start":{"line":308,"column":8},"end":{"line":314,"column":9}},"type":"if","locations":[{"start":{"line":308,"column":8},"end":{"line":314,"column":9}},{"start":{},"end":{}}],"line":308},"73":{"loc":{"start":{"line":313,"column":10},"end":{"line":313,"column":66}},"type":"if","locations":[{"start":{"line":313,"column":10},"end":{"line":313,"column":66}},{"start":{},"end":{}}],"line":313},"74":{"loc":{"start":{"line":318,"column":43},"end":{"line":318,"column":58}},"type":"binary-expr","locations":[{"start":{"line":318,"column":43},"end":{"line":318,"column":53}},{"start":{"line":318,"column":57},"end":{"line":318,"column":58}}],"line":318},"75":{"loc":{"start":{"line":326,"column":4},"end":{"line":326,"column":68}},"type":"if","locations":[{"start":{"line":326,"column":4},"end":{"line":326,"column":68}},{"start":{},"end":{}}],"line":326},"76":{"loc":{"start":{"line":328,"column":4},"end":{"line":330,"column":5}},"type":"if","locations":[{"start":{"line":328,"column":4},"end":{"line":330,"column":5}},{"start":{},"end":{}}],"line":328},"77":{"loc":{"start":{"line":328,"column":8},"end":{"line":328,"column":29}},"type":"binary-expr","locations":[{"start":{"line":328,"column":8},"end":{"line":328,"column":19}},{"start":{"line":328,"column":23},"end":{"line":328,"column":29}}],"line":328},"78":{"loc":{"start":{"line":349,"column":6},"end":{"line":349,"column":94}},"type":"if","locations":[{"start":{"line":349,"column":6},"end":{"line":349,"column":94}},{"start":{},"end":{}}],"line":349},"79":{"loc":{"start":{"line":349,"column":35},"end":{"line":349,"column":92}},"type":"binary-expr","locations":[{"start":{"line":349,"column":35},"end":{"line":349,"column":46}},{"start":{"line":349,"column":50},"end":{"line":349,"column":92}}],"line":349},"80":{"loc":{"start":{"line":350,"column":6},"end":{"line":350,"column":91}},"type":"if","locations":[{"start":{"line":350,"column":6},"end":{"line":350,"column":91}},{"start":{},"end":{}}],"line":350},"81":{"loc":{"start":{"line":350,"column":42},"end":{"line":350,"column":89}},"type":"binary-expr","locations":[{"start":{"line":350,"column":42},"end":{"line":350,"column":53}},{"start":{"line":350,"column":57},"end":{"line":350,"column":89}}],"line":350},"82":{"loc":{"start":{"line":353,"column":6},"end":{"line":353,"column":87}},"type":"if","locations":[{"start":{"line":353,"column":6},"end":{"line":353,"column":87}},{"start":{},"end":{}}],"line":353},"83":{"loc":{"start":{"line":371,"column":6},"end":{"line":375,"column":7}},"type":"if","locations":[{"start":{"line":371,"column":6},"end":{"line":375,"column":7}},{"start":{},"end":{}}],"line":371},"84":{"loc":{"start":{"line":374,"column":35},"end":{"line":374,"column":56}},"type":"binary-expr","locations":[{"start":{"line":374,"column":35},"end":{"line":374,"column":40}},{"start":{"line":374,"column":44},"end":{"line":374,"column":56}}],"line":374},"85":{"loc":{"start":{"line":378,"column":6},"end":{"line":381,"column":7}},"type":"if","locations":[{"start":{"line":378,"column":6},"end":{"line":381,"column":7}},{"start":{},"end":{}}],"line":378},"86":{"loc":{"start":{"line":379,"column":8},"end":{"line":379,"column":88}},"type":"if","locations":[{"start":{"line":379,"column":8},"end":{"line":379,"column":88}},{"start":{},"end":{}}],"line":379},"87":{"loc":{"start":{"line":379,"column":12},"end":{"line":379,"column":44}},"type":"binary-expr","locations":[{"start":{"line":379,"column":12},"end":{"line":379,"column":20}},{"start":{"line":379,"column":24},"end":{"line":379,"column":44}}],"line":379},"88":{"loc":{"start":{"line":382,"column":6},"end":{"line":385,"column":7}},"type":"if","locations":[{"start":{"line":382,"column":6},"end":{"line":385,"column":7}},{"start":{},"end":{}}],"line":382},"89":{"loc":{"start":{"line":383,"column":8},"end":{"line":383,"column":93}},"type":"if","locations":[{"start":{"line":383,"column":8},"end":{"line":383,"column":93}},{"start":{},"end":{}}],"line":383},"90":{"loc":{"start":{"line":383,"column":12},"end":{"line":383,"column":47}},"type":"binary-expr","locations":[{"start":{"line":383,"column":12},"end":{"line":383,"column":21}},{"start":{"line":383,"column":25},"end":{"line":383,"column":47}}],"line":383},"91":{"loc":{"start":{"line":390,"column":4},"end":{"line":390,"column":46}},"type":"if","locations":[{"start":{"line":390,"column":4},"end":{"line":390,"column":46}},{"start":{},"end":{}}],"line":390},"92":{"loc":{"start":{"line":398,"column":6},"end":{"line":399,"column":28}},"type":"if","locations":[{"start":{"line":398,"column":6},"end":{"line":399,"column":28}},{"start":{"line":399,"column":11},"end":{"line":399,"column":28}}],"line":398},"93":{"loc":{"start":{"line":402,"column":18},"end":{"line":402,"column":73}},"type":"cond-expr","locations":[{"start":{"line":402,"column":29},"end":{"line":402,"column":49}},{"start":{"line":402,"column":52},"end":{"line":402,"column":73}}],"line":402},"94":{"loc":{"start":{"line":403,"column":15},"end":{"line":403,"column":70}},"type":"cond-expr","locations":[{"start":{"line":403,"column":26},"end":{"line":403,"column":46}},{"start":{"line":403,"column":49},"end":{"line":403,"column":70}}],"line":403},"95":{"loc":{"start":{"line":409,"column":2},"end":{"line":418,"column":3}},"type":"if","locations":[{"start":{"line":409,"column":2},"end":{"line":418,"column":3}},{"start":{},"end":{}}],"line":409},"96":{"loc":{"start":{"line":441,"column":53},"end":{"line":441,"column":95}},"type":"cond-expr","locations":[{"start":{"line":441,"column":70},"end":{"line":441,"column":88}},{"start":{"line":441,"column":91},"end":{"line":441,"column":95}}],"line":441},"97":{"loc":{"start":{"line":446,"column":31},"end":{"line":446,"column":109}},"type":"cond-expr","locations":[{"start":{"line":446,"column":47},"end":{"line":446,"column":76}},{"start":{"line":446,"column":79},"end":{"line":446,"column":109}}],"line":446},"98":{"loc":{"start":{"line":455,"column":53},"end":{"line":455,"column":96}},"type":"cond-expr","locations":[{"start":{"line":455,"column":71},"end":{"line":455,"column":89}},{"start":{"line":455,"column":92},"end":{"line":455,"column":96}}],"line":455},"99":{"loc":{"start":{"line":471,"column":11},"end":{"line":471,"column":38}},"type":"cond-expr","locations":[{"start":{"line":471,"column":21},"end":{"line":471,"column":33}},{"start":{"line":471,"column":36},"end":{"line":471,"column":38}}],"line":471},"100":{"loc":{"start":{"line":474,"column":9},"end":{"line":485,"column":16}},"type":"cond-expr","locations":[{"start":{"line":475,"column":10},"end":{"line":484,"column":17}},{"start":{"line":485,"column":12},"end":{"line":485,"column":16}}],"line":474},"101":{"loc":{"start":{"line":481,"column":13},"end":{"line":483,"column":20}},"type":"cond-expr","locations":[{"start":{"line":482,"column":14},"end":{"line":482,"column":87}},{"start":{"line":483,"column":16},"end":{"line":483,"column":20}}],"line":481},"102":{"loc":{"start":{"line":505,"column":12},"end":{"line":505,"column":98}},"type":"cond-expr","locations":[{"start":{"line":505,"column":32},"end":{"line":505,"column":73}},{"start":{"line":505,"column":76},"end":{"line":505,"column":98}}],"line":505},"103":{"loc":{"start":{"line":514,"column":12},"end":{"line":514,"column":65}},"type":"if","locations":[{"start":{"line":514,"column":12},"end":{"line":514,"column":65}},{"start":{},"end":{}}],"line":514},"104":{"loc":{"start":{"line":515,"column":12},"end":{"line":515,"column":68}},"type":"if","locations":[{"start":{"line":515,"column":12},"end":{"line":515,"column":68}},{"start":{},"end":{}}],"line":515},"105":{"loc":{"start":{"line":526,"column":39},"end":{"line":526,"column":67}},"type":"cond-expr","locations":[{"start":{"line":526,"column":46},"end":{"line":526,"column":56}},{"start":{"line":526,"column":59},"end":{"line":526,"column":67}}],"line":526},"106":{"loc":{"start":{"line":527,"column":35},"end":{"line":527,"column":109}},"type":"cond-expr","locations":[{"start":{"line":527,"column":42},"end":{"line":527,"column":74}},{"start":{"line":527,"column":77},"end":{"line":527,"column":109}}],"line":527},"107":{"loc":{"start":{"line":532,"column":19},"end":{"line":534,"column":44}},"type":"cond-expr","locations":[{"start":{"line":533,"column":22},"end":{"line":533,"column":60}},{"start":{"line":534,"column":22},"end":{"line":534,"column":44}}],"line":532},"108":{"loc":{"start":{"line":536,"column":43},"end":{"line":536,"column":59}},"type":"cond-expr","locations":[{"start":{"line":536,"column":50},"end":{"line":536,"column":53}},{"start":{"line":536,"column":56},"end":{"line":536,"column":59}}],"line":536},"109":{"loc":{"start":{"line":539,"column":15},"end":{"line":539,"column":82}},"type":"cond-expr","locations":[{"start":{"line":539,"column":25},"end":{"line":539,"column":75}},{"start":{"line":539,"column":78},"end":{"line":539,"column":82}}],"line":539},"110":{"loc":{"start":{"line":559,"column":43},"end":{"line":559,"column":85}},"type":"cond-expr","locations":[{"start":{"line":559,"column":55},"end":{"line":559,"column":78}},{"start":{"line":559,"column":81},"end":{"line":559,"column":85}}],"line":559},"111":{"loc":{"start":{"line":571,"column":58},"end":{"line":571,"column":73}},"type":"binary-expr","locations":[{"start":{"line":571,"column":58},"end":{"line":571,"column":68}},{"start":{"line":571,"column":72},"end":{"line":571,"column":73}}],"line":571},"112":{"loc":{"start":{"line":572,"column":34},"end":{"line":572,"column":86}},"type":"binary-expr","locations":[{"start":{"line":572,"column":34},"end":{"line":572,"column":56}},{"start":{"line":572,"column":60},"end":{"line":572,"column":86}}],"line":572},"113":{"loc":{"start":{"line":580,"column":37},"end":{"line":580,"column":127}},"type":"cond-expr","locations":[{"start":{"line":580,"column":49},"end":{"line":580,"column":81}},{"start":{"line":580,"column":84},"end":{"line":580,"column":127}}],"line":580},"114":{"loc":{"start":{"line":584,"column":19},"end":{"line":591,"column":19}},"type":"cond-expr","locations":[{"start":{"line":585,"column":20},"end":{"line":588,"column":27}},{"start":{"line":590,"column":20},"end":{"line":590,"column":65}}],"line":584},"115":{"loc":{"start":{"line":595,"column":15},"end":{"line":599,"column":22}},"type":"cond-expr","locations":[{"start":{"line":596,"column":16},"end":{"line":598,"column":23}},{"start":{"line":599,"column":18},"end":{"line":599,"column":22}}],"line":595}},"s":{"0":185,"1":2,"2":183,"3":8,"4":8,"5":2,"6":2,"7":2,"8":0,"9":2,"10":0,"11":0,"12":0,"13":0,"14":0,"15":4,"16":4,"17":4,"18":8,"19":8,"20":8,"21":4,"22":24,"23":24,"24":0,"25":24,"26":0,"27":24,"28":12,"29":12,"30":24,"31":24,"32":24,"33":12,"34":12,"35":12,"36":12,"37":6,"38":6,"39":6,"40":0,"41":6,"42":12,"43":12,"44":12,"45":12,"46":6,"47":6,"48":6,"49":0,"50":6,"51":6,"52":0,"53":6,"54":7,"55":7,"56":7,"57":7,"58":7,"59":7,"60":7,"61":6,"62":7,"63":6,"64":7,"65":6,"66":7,"67":6,"68":7,"69":6,"70":7,"71":0,"72":0,"73":7,"74":7,"75":7,"76":6,"77":6,"78":6,"79":6,"80":6,"81":12,"82":12,"83":0,"84":12,"85":12,"86":12,"87":12,"88":12,"89":12,"90":12,"91":12,"92":12,"93":0,"94":0,"95":0,"96":0,"97":0,"98":0,"99":7,"100":7,"101":6,"102":6,"103":6,"104":0,"105":6,"106":6,"107":6,"108":6,"109":0,"110":7,"111":7,"112":7,"113":7,"114":7,"115":12,"116":12,"117":12,"118":0,"119":12,"120":12,"121":12,"122":7,"123":11,"124":11,"125":11,"126":11,"127":11,"128":11,"129":11,"130":11,"131":11,"132":11,"133":11,"134":7,"135":11,"136":7,"137":11,"138":7,"139":11,"140":11,"141":11,"142":11,"143":7,"144":11,"145":7,"146":7,"147":7,"148":7,"149":7,"150":0,"151":0,"152":11,"153":7,"154":11,"155":7,"156":11,"157":7,"158":7,"159":11,"160":7,"161":7,"162":11,"163":7,"164":11,"165":7,"166":11,"167":1,"168":1,"169":0,"170":0,"171":0,"172":1,"173":1,"174":1,"175":11,"176":1,"177":1,"178":0,"179":1,"180":1,"181":1,"182":1,"183":1,"184":1,"185":0,"186":0,"187":0,"188":0,"189":0,"190":0,"191":0,"192":0,"193":0,"194":0,"195":0,"196":0,"197":0,"198":0,"199":1,"200":1,"201":1,"202":1,"203":1,"204":1,"205":0,"206":1,"207":0,"208":1,"209":1,"210":1,"211":1,"212":1,"213":1,"214":1,"215":1,"216":1,"217":1,"218":1,"219":0,"220":1,"221":0,"222":1,"223":1,"224":0,"225":1,"226":1,"227":1,"228":1,"229":1,"230":1,"231":1,"232":11,"233":20,"234":20,"235":20,"236":20,"237":20,"238":4,"239":4,"240":16,"241":16,"242":16,"243":16,"244":16,"245":16,"246":16,"247":16,"248":16,"249":16,"250":20,"251":20,"252":0,"253":20,"254":11,"255":2,"256":2,"257":2,"258":2,"259":2,"260":0,"261":2,"262":2,"263":2,"264":11,"265":1,"266":10,"267":1,"268":0,"269":50,"270":20,"271":20,"272":20,"273":20,"274":20,"275":20,"276":20,"277":20,"278":20,"279":20,"280":20,"281":20,"282":20,"283":2,"284":1,"285":1,"286":1,"287":1,"288":1,"289":0,"290":0,"291":0,"292":0,"293":1},"f":{"0":185,"1":8,"2":2,"3":0,"4":0,"5":0,"6":4,"7":24,"8":12,"9":24,"10":24,"11":12,"12":12,"13":12,"14":12,"15":7,"16":7,"17":6,"18":7,"19":11,"20":7,"21":7,"22":7,"23":7,"24":7,"25":7,"26":7,"27":7,"28":7,"29":7,"30":7,"31":7,"32":7,"33":1,"34":1,"35":0,"36":0,"37":1,"38":1,"39":1,"40":1,"41":20,"42":20,"43":2,"44":2,"45":1,"46":0,"47":50,"48":20,"49":20,"50":2,"51":1,"52":1},"b":{"0":[2,183],"1":[185,185],"2":[0],"3":[0],"4":[0],"5":[0,2],"6":[0,0],"7":[0,0],"8":[0,0],"9":[0,0],"10":[8,0],"11":[0,24],"12":[0,24],"13":[12,0],"14":[24,24],"15":[12,0],"16":[6,6],"17":[0,6],"18":[12,0],"19":[6,6],"20":[0,6],"21":[0,6],"22":[7,1,1],"23":[7,1,1],"24":[7,1,1,1],"25":[7,1,1,1],"26":[7,1,1],"27":[6,1],"28":[6,1],"29":[6,1],"30":[6,1],"31":[6,1],"32":[0,7],"33":[7,1,0],"34":[7,1],"35":[6,0],"36":[6,0],"37":[6,0],"38":[0,12],"39":[12,12],"40":[12,6],"41":[12,6],"42":[12,0],"43":[12,0],"44":[12,0],"45":[0,0],"46":[0,0],"47":[0,0],"48":[0,0],"49":[0,0],"50":[0,0],"51":[0,0],"52":[6,0],"53":[6,0],"54":[0,6],"55":[6,0],"56":[6,6],"57":[7,0],"58":[0,12],"59":[11,1],"60":[11,1],"61":[11,1],"62":[11,1],"63":[11,1],"64":[0,7],"65":[7,1],"66":[7,1,1,1],"67":[7,1,1,1],"68":[0,1],"69":[0],"70":[0,1],"71":[0,0],"72":[0,0],"73":[0,0],"74":[1,0],"75":[0,1],"76":[0,1],"77":[1,1],"78":[0,1],"79":[0,0],"80":[0,1],"81":[0,0],"82":[0,1],"83":[4,16],"84":[4,0],"85":[16,0],"86":[16,0],"87":[16,0],"88":[16,0],"89":[16,0],"90":[16,0],"91":[0,20],"92":[2,0],"93":[2,0],"94":[2,0],"95":[1,10],"96":[0,10],"97":[10,0],"98":[10,0],"99":[0,10],"100":[10,0],"101":[10,0],"102":[0,20],"103":[20,0],"104":[20,0],"105":[2,18],"106":[2,18],"107":[0,20],"108":[2,18],"109":[20,0],"110":[1,19],"111":[0,0],"112":[0,0],"113":[1,19],"114":[1,19],"115":[2,18]},"_coverageSchema":"1a1c01bbd47fc00a2c39e90264f33305004495a9","hash":"bb3a7159f752995ddaddb270f2f66b5309814d80"}
}
