TN:
SF:screens/CustomisationScreen.js
FN:20,safeString
FN:25,CustomisationScreen
FN:38,(anonymous_2)
FN:42,(anonymous_3)
FN:44,(anonymous_4)
FN:53,(anonymous_5)
FN:58,(anonymous_6)
FN:62,(anonymous_7)
FN:85,(anonymous_8)
FN:143,(anonymous_9)
FN:144,(anonymous_10)
FN:163,(anonymous_11)
FN:164,(anonymous_12)
FN:198,(anonymous_13)
FN:199,(anonymous_14)
FN:218,(anonymous_15)
FN:219,(anonymous_16)
FN:247,(anonymous_17)
FN:248,(anonymous_18)
FN:277,(anonymous_19)
FN:278,(anonymous_20)
FN:303,(anonymous_21)
FN:312,(anonymous_22)
FN:318,(anonymous_23)
FNF:24
FNH:14
FNDA:2,safeString
FNDA:12,CustomisationScreen
FNDA:6,(anonymous_2)
FNDA:0,(anonymous_3)
FNDA:6,(anonymous_4)
FNDA:7,(anonymous_5)
FNDA:10,(anonymous_6)
FNDA:2,(anonymous_7)
FNDA:2,(anonymous_8)
FNDA:0,(anonymous_9)
FNDA:0,(anonymous_10)
FNDA:0,(anonymous_11)
FNDA:0,(anonymous_12)
FNDA:0,(anonymous_13)
FNDA:0,(anonymous_14)
FNDA:0,(anonymous_15)
FNDA:0,(anonymous_16)
FNDA:1,(anonymous_17)
FNDA:1,(anonymous_18)
FNDA:1,(anonymous_19)
FNDA:1,(anonymous_20)
FNDA:12,(anonymous_21)
FNDA:72,(anonymous_22)
FNDA:0,(anonymous_23)
DA:11,1
DA:21,2
DA:22,2
DA:26,12
DA:28,12
DA:29,12
DA:30,12
DA:31,12
DA:32,12
DA:34,12
DA:35,12
DA:37,12
DA:38,6
DA:42,12
DA:44,12
DA:45,6
DA:46,6
DA:53,12
DA:54,7
DA:58,12
DA:59,10
DA:62,12
DA:63,2
DA:65,2
DA:71,2
DA:73,2
DA:74,2
DA:76,0
DA:79,2
DA:80,1
DA:82,1
DA:85,12
DA:86,2
DA:87,2
DA:88,0
DA:89,0
DA:92,2
DA:93,2
DA:94,2
DA:95,1
DA:97,1
DA:98,1
DA:100,1
DA:101,1
DA:109,1
DA:111,2
DA:115,12
DA:144,0
DA:145,0
DA:146,0
DA:147,0
DA:164,0
DA:165,0
DA:166,0
DA:167,0
DA:199,0
DA:200,0
DA:201,0
DA:202,0
DA:219,0
DA:220,0
DA:221,0
DA:222,0
DA:248,1
DA:249,1
DA:250,1
DA:251,1
DA:278,1
DA:279,1
DA:280,1
DA:281,1
DA:303,12
DA:313,72
DA:314,72
DA:319,0
DA:320,0
DA:365,1
LF:77
LH:56
BRDA:21,0,0,0
BRDA:21,0,1,2
BRDA:21,1,0,2
BRDA:21,1,1,2
BRDA:26,2,0,12
BRDA:26,2,1,0
BRDA:38,3,0,6
BRDA:38,3,1,5
BRDA:38,3,2,5
BRDA:54,4,0,1
BRDA:54,4,1,6
BRDA:59,5,0,2
BRDA:59,5,1,8
BRDA:79,6,0,1
BRDA:79,6,1,1
BRDA:79,7,0,2
BRDA:79,7,1,2
BRDA:80,8,0,1
BRDA:80,8,1,0
BRDA:87,9,0,0
BRDA:87,9,1,2
BRDA:109,10,0,1
BRDA:109,10,1,0
BRDA:122,11,0,1
BRDA:122,11,1,11
BRDA:246,12,0,1
BRDA:246,12,1,11
BRDA:250,13,0,1
BRDA:250,13,1,0
BRDA:262,14,0,1
BRDA:262,14,1,11
BRDA:263,15,0,1
BRDA:263,15,1,11
BRDA:276,16,0,1
BRDA:276,16,1,11
BRDA:280,17,0,1
BRDA:280,17,1,0
BRDA:292,18,0,1
BRDA:292,18,1,11
BRDA:293,19,0,1
BRDA:293,19,1,11
BRDA:303,20,0,12
BRDA:303,20,1,0
BRDA:317,21,0,12
BRDA:317,21,1,60
BRDA:330,22,0,12
BRDA:330,22,1,60
BRDA:339,23,0,1
BRDA:339,23,1,11
BRDA:346,24,0,3
BRDA:346,24,1,9
BRDA:346,25,0,12
BRDA:346,25,1,11
BRDA:348,26,0,12
BRDA:348,26,1,11
BRDA:351,27,0,2
BRDA:351,27,1,10
BRDA:353,28,0,12
BRDA:353,28,1,11
BRDA:357,29,0,2
BRDA:357,29,1,10
BRF:61
BRH:53
end_of_record
TN:
SF:screens/HomeScreen.js
FN:6,getPickedFile
FN:13,HomeScreen
FN:14,(anonymous_2)
FN:42,(anonymous_3)
FNF:4
FNH:4
FNDA:1,getPickedFile
FNDA:3,HomeScreen
FNDA:1,(anonymous_2)
FNDA:1,(anonymous_3)
DA:7,1
DA:8,1
DA:9,1
DA:10,0
DA:14,3
DA:15,1
DA:16,1
DA:17,1
DA:18,0
DA:19,0
DA:22,1
DA:27,1
DA:28,1
DA:30,1
DA:38,0
DA:42,3
DA:43,1
DA:44,1
DA:50,1
DA:51,1
DA:53,1
DA:65,0
DA:69,3
DA:109,1
LF:24
LH:19
BRDA:7,0,0,0
BRDA:7,0,1,1
BRDA:8,1,0,0
BRDA:8,1,1,1
BRDA:9,2,0,1
BRDA:9,2,1,0
BRDA:9,3,0,1
BRDA:9,3,1,1
BRDA:17,4,0,0
BRDA:17,4,1,1
BRDA:27,5,0,0
BRDA:27,5,1,1
BRDA:27,6,0,1
BRDA:27,6,1,1
BRDA:38,7,0,0
BRDA:38,7,1,0
BRDA:51,8,0,0
BRDA:51,8,1,1
BRDA:56,9,0,1
BRDA:56,9,1,0
BRDA:58,10,0,1
BRDA:58,10,1,0
BRDA:59,11,0,0
BRDA:59,11,1,0
BRDA:65,12,0,0
BRDA:65,12,1,0
BRF:26
BRH:12
end_of_record
TN:
SF:screens/ResultScreen.js
FN:14,safeString
FN:19,announce
FN:27,speakText
FN:31,(anonymous_3)
FN:34,applyNatoToSpeech
FN:45,(anonymous_5)
FN:53,extractNotesOnly
FN:73,isKnownValue
FN:80,flattenBeatTextForBar
FN:83,(anonymous_9)
FN:88,(anonymous_10)
FN:92,extractTimeSignature
FN:93,(anonymous_12)
FN:101,extractKeySignature
FN:102,(anonymous_14)
FN:112,renderBasicInformation
FN:132,buildFlatBars
FN:169,(anonymous_17)
FN:183,buildGroups
FN:208,ResultScreen
FN:221,(anonymous_20)
FN:222,(anonymous_21)
FN:223,(anonymous_22)
FN:230,(anonymous_23)
FN:234,(anonymous_24)
FN:235,(anonymous_25)
FN:237,(anonymous_26)
FN:248,(anonymous_27)
FN:249,(anonymous_28)
FN:251,(anonymous_29)
FN:256,(anonymous_30)
FN:262,(anonymous_31)
FN:265,(anonymous_32)
FN:268,(anonymous_33)
FN:281,(anonymous_34)
FN:306,(anonymous_35)
FN:312,(anonymous_36)
FN:325,ensureGroupAudio
FN:332,(anonymous_38)
FN:355,(anonymous_39)
FN:360,(anonymous_40)
FN:364,(anonymous_41)
FN:368,(anonymous_42)
FN:394,(anonymous_43)
FN:395,(anonymous_44)
FN:430,(anonymous_45)
FN:442,(anonymous_46)
FN:476,(anonymous_47)
FN:503,(anonymous_48)
FN:511,(anonymous_49)
FN:523,(anonymous_50)
FN:544,(anonymous_51)
FN:561,(anonymous_52)
FNF:53
FNH:47
FNDA:185,safeString
FNDA:8,announce
FNDA:2,speakText
FNDA:0,(anonymous_3)
FNDA:0,applyNatoToSpeech
FNDA:0,(anonymous_5)
FNDA:4,extractNotesOnly
FNDA:24,isKnownValue
FNDA:12,flattenBeatTextForBar
FNDA:24,(anonymous_9)
FNDA:24,(anonymous_10)
FNDA:12,extractTimeSignature
FNDA:12,(anonymous_12)
FNDA:12,extractKeySignature
FNDA:12,(anonymous_14)
FNDA:7,renderBasicInformation
FNDA:7,buildFlatBars
FNDA:6,(anonymous_17)
FNDA:7,buildGroups
FNDA:11,ResultScreen
FNDA:7,(anonymous_20)
FNDA:7,(anonymous_21)
FNDA:7,(anonymous_22)
FNDA:7,(anonymous_23)
FNDA:7,(anonymous_24)
FNDA:7,(anonymous_25)
FNDA:7,(anonymous_26)
FNDA:7,(anonymous_27)
FNDA:7,(anonymous_28)
FNDA:7,(anonymous_29)
FNDA:7,(anonymous_30)
FNDA:7,(anonymous_31)
FNDA:7,(anonymous_32)
FNDA:1,(anonymous_33)
FNDA:1,(anonymous_34)
FNDA:0,(anonymous_35)
FNDA:0,(anonymous_36)
FNDA:1,ensureGroupAudio
FNDA:1,(anonymous_38)
FNDA:1,(anonymous_39)
FNDA:1,(anonymous_40)
FNDA:20,(anonymous_41)
FNDA:20,(anonymous_42)
FNDA:2,(anonymous_43)
FNDA:2,(anonymous_44)
FNDA:1,(anonymous_45)
FNDA:0,(anonymous_46)
FNDA:50,(anonymous_47)
FNDA:20,(anonymous_48)
FNDA:20,(anonymous_49)
FNDA:2,(anonymous_50)
FNDA:1,(anonymous_51)
FNDA:1,(anonymous_52)
DA:15,185
DA:16,183
DA:20,8
DA:21,8
DA:28,2
DA:29,2
DA:30,2
DA:31,2
DA:35,0
DA:45,0
DA:46,0
DA:47,0
DA:48,0
DA:54,4
DA:55,4
DA:57,4
DA:59,8
DA:66,8
DA:67,8
DA:70,4
DA:74,24
DA:75,24
DA:76,24
DA:77,24
DA:81,12
DA:82,12
DA:85,24
DA:86,24
DA:88,24
DA:93,12
DA:94,12
DA:95,12
DA:96,6
DA:97,6
DA:98,6
DA:102,12
DA:103,12
DA:104,12
DA:105,6
DA:106,6
DA:107,6
DA:108,6
DA:109,6
DA:113,7
DA:114,7
DA:115,7
DA:116,7
DA:117,7
DA:119,7
DA:120,7
DA:121,7
DA:122,7
DA:123,7
DA:124,7
DA:126,7
DA:127,0
DA:129,7
DA:133,7
DA:135,7
DA:136,6
DA:137,6
DA:139,6
DA:140,6
DA:141,6
DA:142,12
DA:143,12
DA:145,12
DA:147,12
DA:148,12
DA:150,12
DA:151,12
DA:153,12
DA:155,12
DA:156,12
DA:157,12
DA:159,0
DA:160,0
DA:161,0
DA:168,7
DA:169,7
DA:170,6
DA:171,6
DA:172,6
DA:174,6
DA:175,6
DA:176,6
DA:177,0
DA:180,7
DA:184,7
DA:185,7
DA:187,7
DA:188,12
DA:189,12
DA:190,12
DA:192,12
DA:193,12
DA:195,12
DA:205,7
DA:209,11
DA:210,11
DA:211,11
DA:212,11
DA:213,11
DA:215,11
DA:216,11
DA:217,11
DA:218,11
DA:219,11
DA:221,11
DA:222,11
DA:223,11
DA:225,11
DA:226,11
DA:228,11
DA:230,11
DA:231,7
DA:234,11
DA:235,7
DA:236,7
DA:237,7
DA:238,7
DA:239,7
DA:240,0
DA:241,0
DA:248,11
DA:249,11
DA:251,11
DA:252,7
DA:253,7
DA:256,11
DA:257,7
DA:258,7
DA:261,11
DA:262,7
DA:265,11
DA:268,11
DA:269,1
DA:270,1
DA:271,0
DA:272,0
DA:273,0
DA:276,1
DA:277,1
DA:278,1
DA:281,11
DA:282,1
DA:283,1
DA:285,1
DA:287,1
DA:288,1
DA:289,1
DA:291,1
DA:298,1
DA:300,0
DA:301,0
DA:303,0
DA:304,0
DA:306,0
DA:307,0
DA:308,0
DA:309,0
DA:310,0
DA:311,0
DA:312,0
DA:313,0
DA:317,1
DA:318,1
DA:319,1
DA:320,1
DA:321,1
DA:326,1
DA:328,1
DA:329,0
DA:332,1
DA:333,1
DA:334,1
DA:336,1
DA:337,1
DA:343,1
DA:344,1
DA:345,1
DA:346,1
DA:349,1
DA:350,1
DA:352,1
DA:353,1
DA:355,1
DA:356,1
DA:357,1
DA:358,1
DA:360,1
DA:364,11
DA:365,20
DA:366,20
DA:368,20
DA:369,20
DA:371,20
DA:373,4
DA:374,4
DA:377,16
DA:378,16
DA:379,16
DA:380,16
DA:382,16
DA:383,16
DA:384,16
DA:386,16
DA:389,20
DA:390,20
DA:391,20
DA:394,11
DA:395,2
DA:396,2
DA:397,2
DA:398,2
DA:399,0
DA:402,2
DA:403,2
DA:405,2
DA:409,11
DA:410,1
DA:420,10
DA:430,1
DA:442,0
DA:477,50
DA:505,20
DA:507,20
DA:508,20
DA:509,20
DA:511,20
DA:512,20
DA:513,20
DA:514,20
DA:515,20
DA:516,20
DA:519,20
DA:523,2
DA:545,1
DA:546,1
DA:562,1
DA:563,1
DA:569,1
DA:571,0
DA:572,0
DA:573,0
DA:574,0
DA:610,1
LF:247
LH:213
BRDA:15,0,0,2
BRDA:15,0,1,183
BRDA:15,1,0,185
BRDA:15,1,1,185
BRDA:27,2,0,0
BRDA:27,3,0,0
BRDA:27,4,0,0
BRDA:30,5,0,0
BRDA:30,5,1,2
BRDA:46,6,0,0
BRDA:46,6,1,0
BRDA:47,7,0,0
BRDA:47,7,1,0
BRDA:47,8,0,0
BRDA:47,8,1,0
BRDA:47,9,0,0
BRDA:47,9,1,0
BRDA:66,10,0,8
BRDA:66,10,1,0
BRDA:75,11,0,0
BRDA:75,11,1,24
BRDA:76,12,0,0
BRDA:76,12,1,24
BRDA:81,13,0,12
BRDA:81,13,1,0
BRDA:88,14,0,24
BRDA:88,14,1,24
BRDA:93,15,0,12
BRDA:93,15,1,0
BRDA:95,16,0,6
BRDA:95,16,1,6
BRDA:97,17,0,0
BRDA:97,17,1,6
BRDA:102,18,0,12
BRDA:102,18,1,0
BRDA:104,19,0,6
BRDA:104,19,1,6
BRDA:106,20,0,0
BRDA:106,20,1,6
BRDA:108,21,0,0
BRDA:108,21,1,6
BRDA:113,22,0,7
BRDA:113,22,1,1
BRDA:113,22,2,1
BRDA:114,23,0,7
BRDA:114,23,1,1
BRDA:114,23,2,1
BRDA:115,24,0,7
BRDA:115,24,1,1
BRDA:115,24,2,1
BRDA:115,24,3,1
BRDA:116,25,0,7
BRDA:116,25,1,1
BRDA:116,25,2,1
BRDA:116,25,3,1
BRDA:117,26,0,7
BRDA:117,26,1,1
BRDA:117,26,2,1
BRDA:120,27,0,6
BRDA:120,27,1,1
BRDA:121,28,0,6
BRDA:121,28,1,1
BRDA:122,29,0,6
BRDA:122,29,1,1
BRDA:123,30,0,6
BRDA:123,30,1,1
BRDA:124,31,0,6
BRDA:124,31,1,1
BRDA:126,32,0,0
BRDA:126,32,1,7
BRDA:126,33,0,7
BRDA:126,33,1,1
BRDA:126,33,2,0
BRDA:135,34,0,7
BRDA:135,34,1,1
BRDA:139,35,0,6
BRDA:139,35,1,0
BRDA:140,36,0,6
BRDA:140,36,1,0
BRDA:141,37,0,6
BRDA:141,37,1,0
BRDA:143,38,0,0
BRDA:143,38,1,12
BRDA:143,39,0,12
BRDA:143,39,1,12
BRDA:147,40,0,12
BRDA:147,40,1,6
BRDA:148,41,0,12
BRDA:148,41,1,6
BRDA:150,42,0,12
BRDA:150,42,1,0
BRDA:151,43,0,12
BRDA:151,43,1,0
BRDA:156,44,0,12
BRDA:156,44,1,0
BRDA:159,45,0,0
BRDA:159,45,1,0
BRDA:159,46,0,0
BRDA:159,46,1,0
BRDA:160,47,0,0
BRDA:160,47,1,0
BRDA:160,48,0,0
BRDA:160,48,1,0
BRDA:161,49,0,0
BRDA:161,49,1,0
BRDA:161,50,0,0
BRDA:161,50,1,0
BRDA:161,51,0,0
BRDA:161,51,1,0
BRDA:170,52,0,6
BRDA:170,52,1,0
BRDA:171,53,0,6
BRDA:171,53,1,0
BRDA:172,54,0,0
BRDA:172,54,1,6
BRDA:176,55,0,6
BRDA:176,55,1,0
BRDA:176,56,0,6
BRDA:176,56,1,6
BRDA:184,57,0,7
BRDA:184,57,1,0
BRDA:190,58,0,0
BRDA:190,58,1,12
BRDA:212,59,0,11
BRDA:212,59,1,1
BRDA:213,60,0,11
BRDA:213,60,1,1
BRDA:215,61,0,11
BRDA:215,61,1,1
BRDA:216,62,0,11
BRDA:216,62,1,1
BRDA:219,63,0,11
BRDA:219,63,1,1
BRDA:239,64,0,0
BRDA:239,64,1,7
BRDA:249,65,0,7
BRDA:249,65,1,1
BRDA:253,66,0,7
BRDA:253,66,1,1
BRDA:253,66,2,1
BRDA:253,66,3,1
BRDA:258,67,0,7
BRDA:258,67,1,1
BRDA:258,67,2,1
BRDA:258,67,3,1
BRDA:270,68,0,0
BRDA:270,68,1,1
BRDA:281,69,0,0
BRDA:283,70,0,0
BRDA:283,70,1,1
BRDA:307,71,0,0
BRDA:307,71,1,0
BRDA:308,72,0,0
BRDA:308,72,1,0
BRDA:313,73,0,0
BRDA:313,73,1,0
BRDA:318,74,0,1
BRDA:318,74,1,0
BRDA:326,75,0,0
BRDA:326,75,1,1
BRDA:328,76,0,0
BRDA:328,76,1,1
BRDA:328,77,0,1
BRDA:328,77,1,1
BRDA:349,78,0,0
BRDA:349,78,1,1
BRDA:349,79,0,0
BRDA:349,79,1,0
BRDA:350,80,0,0
BRDA:350,80,1,1
BRDA:350,81,0,0
BRDA:350,81,1,0
BRDA:353,82,0,0
BRDA:353,82,1,1
BRDA:371,83,0,4
BRDA:371,83,1,16
BRDA:374,84,0,4
BRDA:374,84,1,0
BRDA:378,85,0,16
BRDA:378,85,1,0
BRDA:379,86,0,16
BRDA:379,86,1,0
BRDA:379,87,0,16
BRDA:379,87,1,0
BRDA:382,88,0,16
BRDA:382,88,1,0
BRDA:383,89,0,16
BRDA:383,89,1,0
BRDA:383,90,0,16
BRDA:383,90,1,0
BRDA:390,91,0,0
BRDA:390,91,1,20
BRDA:398,92,0,2
BRDA:398,92,1,0
BRDA:402,93,0,2
BRDA:402,93,1,0
BRDA:403,94,0,2
BRDA:403,94,1,0
BRDA:409,95,0,1
BRDA:409,95,1,10
BRDA:441,96,0,0
BRDA:441,96,1,10
BRDA:446,97,0,10
BRDA:446,97,1,0
BRDA:455,98,0,10
BRDA:455,98,1,0
BRDA:471,99,0,0
BRDA:471,99,1,10
BRDA:474,100,0,10
BRDA:474,100,1,0
BRDA:481,101,0,10
BRDA:481,101,1,0
BRDA:505,102,0,0
BRDA:505,102,1,20
BRDA:514,103,0,20
BRDA:514,103,1,0
BRDA:515,104,0,20
BRDA:515,104,1,0
BRDA:526,105,0,2
BRDA:526,105,1,18
BRDA:527,106,0,2
BRDA:527,106,1,18
BRDA:532,107,0,0
BRDA:532,107,1,20
BRDA:536,108,0,2
BRDA:536,108,1,18
BRDA:539,109,0,20
BRDA:539,109,1,0
BRDA:559,110,0,1
BRDA:559,110,1,19
BRDA:571,111,0,0
BRDA:571,111,1,0
BRDA:572,112,0,0
BRDA:572,112,1,0
BRDA:580,113,0,1
BRDA:580,113,1,19
BRDA:584,114,0,1
BRDA:584,114,1,19
BRDA:595,115,0,2
BRDA:595,115,1,18
BRF:240
BRH:144
end_of_record
